<?xml version="1.0" encoding="UTF-8"?>
<testsuite xmlns:xsi="http://www.w3.org/2001/XMLSchema-instance" xsi:noNamespaceSchemaLocation="https://maven.apache.org/surefire/maven-surefire-plugin/xsd/surefire-test-report.xsd" version="3.0.2" name="TestSuite" time="7.691" tests="9" errors="0" skipped="0" failures="0">
  <properties>
    <property name="java.specification.version" value="24"/>
    <property name="sun.cpu.isalist" value="amd64"/>
    <property name="sun.jnu.encoding" value="Cp1252"/>
    <property name="java.class.path" value="C:\Users\bryant.axell\java.p\testngprogram\target\test-classes;C:\Users\bryant.axell\java.p\testngprogram\target\classes;C:\Users\bryant.axell\.m2\repository\org\testng\testng\7.11.0\testng-7.11.0.jar;C:\Users\bryant.axell\.m2\repository\org\slf4j\slf4j-api\2.0.16\slf4j-api-2.0.16.jar;C:\Users\bryant.axell\.m2\repository\org\jcommander\jcommander\1.83\jcommander-1.83.jar;C:\Users\bryant.axell\.m2\repository\org\webjars\jquery\3.7.1\jquery-3.7.1.jar;C:\Users\bryant.axell\.m2\repository\io\rest-assured\rest-assured\5.3.0\rest-assured-5.3.0.jar;C:\Users\bryant.axell\.m2\repository\org\apache\groovy\groovy\4.0.6\groovy-4.0.6.jar;C:\Users\bryant.axell\.m2\repository\org\apache\groovy\groovy-xml\4.0.6\groovy-xml-4.0.6.jar;C:\Users\bryant.axell\.m2\repository\org\apache\httpcomponents\httpclient\4.5.13\httpclient-4.5.13.jar;C:\Users\bryant.axell\.m2\repository\org\apache\httpcomponents\httpcore\4.4.13\httpcore-4.4.13.jar;C:\Users\bryant.axell\.m2\repository\commons-logging\commons-logging\1.2\commons-logging-1.2.jar;C:\Users\bryant.axell\.m2\repository\commons-codec\commons-codec\1.11\commons-codec-1.11.jar;C:\Users\bryant.axell\.m2\repository\org\apache\httpcomponents\httpmime\4.5.13\httpmime-4.5.13.jar;C:\Users\bryant.axell\.m2\repository\org\hamcrest\hamcrest\2.1\hamcrest-2.1.jar;C:\Users\bryant.axell\.m2\repository\org\ccil\cowan\tagsoup\tagsoup\1.2.1\tagsoup-1.2.1.jar;C:\Users\bryant.axell\.m2\repository\io\rest-assured\json-path\5.3.0\json-path-5.3.0.jar;C:\Users\bryant.axell\.m2\repository\org\apache\groovy\groovy-json\4.0.6\groovy-json-4.0.6.jar;C:\Users\bryant.axell\.m2\repository\io\rest-assured\rest-assured-common\5.3.0\rest-assured-common-5.3.0.jar;C:\Users\bryant.axell\.m2\repository\io\rest-assured\xml-path\5.3.0\xml-path-5.3.0.jar;C:\Users\bryant.axell\.m2\repository\org\apache\commons\commons-lang3\3.11\commons-lang3-3.11.jar;"/>
    <property name="java.vm.vendor" value="Oracle Corporation"/>
    <property name="sun.arch.data.model" value="64"/>
    <property name="user.variant" value=""/>
    <property name="java.vendor.url" value="https://java.oracle.com/"/>
    <property name="user.timezone" value="Asia/Jakarta"/>
    <property name="os.name" value="Windows 11"/>
    <property name="java.vm.specification.version" value="24"/>
    <property name="sun.java.launcher" value="SUN_STANDARD"/>
    <property name="user.country" value="US"/>
    <property name="sun.boot.library.path" value="C:\Program Files\Java\jdk-24\bin"/>
    <property name="sun.java.command" value="C:\Users\bryant.axell\AppData\Local\Temp\surefire7699033374508016469\surefirebooter-20250530163020147_3.jar C:\Users\bryant.axell\AppData\Local\Temp\surefire7699033374508016469 2025-05-30T16-30-20_063-jvmRun1 surefire-20250530163020147_1tmp surefire_0-20250530163020147_2tmp"/>
    <property name="jdk.debug" value="release"/>
    <property name="surefire.test.class.path" value="C:\Users\bryant.axell\java.p\testngprogram\target\test-classes;C:\Users\bryant.axell\java.p\testngprogram\target\classes;C:\Users\bryant.axell\.m2\repository\org\testng\testng\7.11.0\testng-7.11.0.jar;C:\Users\bryant.axell\.m2\repository\org\slf4j\slf4j-api\2.0.16\slf4j-api-2.0.16.jar;C:\Users\bryant.axell\.m2\repository\org\jcommander\jcommander\1.83\jcommander-1.83.jar;C:\Users\bryant.axell\.m2\repository\org\webjars\jquery\3.7.1\jquery-3.7.1.jar;C:\Users\bryant.axell\.m2\repository\io\rest-assured\rest-assured\5.3.0\rest-assured-5.3.0.jar;C:\Users\bryant.axell\.m2\repository\org\apache\groovy\groovy\4.0.6\groovy-4.0.6.jar;C:\Users\bryant.axell\.m2\repository\org\apache\groovy\groovy-xml\4.0.6\groovy-xml-4.0.6.jar;C:\Users\bryant.axell\.m2\repository\org\apache\httpcomponents\httpclient\4.5.13\httpclient-4.5.13.jar;C:\Users\bryant.axell\.m2\repository\org\apache\httpcomponents\httpcore\4.4.13\httpcore-4.4.13.jar;C:\Users\bryant.axell\.m2\repository\commons-logging\commons-logging\1.2\commons-logging-1.2.jar;C:\Users\bryant.axell\.m2\repository\commons-codec\commons-codec\1.11\commons-codec-1.11.jar;C:\Users\bryant.axell\.m2\repository\org\apache\httpcomponents\httpmime\4.5.13\httpmime-4.5.13.jar;C:\Users\bryant.axell\.m2\repository\org\hamcrest\hamcrest\2.1\hamcrest-2.1.jar;C:\Users\bryant.axell\.m2\repository\org\ccil\cowan\tagsoup\tagsoup\1.2.1\tagsoup-1.2.1.jar;C:\Users\bryant.axell\.m2\repository\io\rest-assured\json-path\5.3.0\json-path-5.3.0.jar;C:\Users\bryant.axell\.m2\repository\org\apache\groovy\groovy-json\4.0.6\groovy-json-4.0.6.jar;C:\Users\bryant.axell\.m2\repository\io\rest-assured\rest-assured-common\5.3.0\rest-assured-common-5.3.0.jar;C:\Users\bryant.axell\.m2\repository\io\rest-assured\xml-path\5.3.0\xml-path-5.3.0.jar;C:\Users\bryant.axell\.m2\repository\org\apache\commons\commons-lang3\3.11\commons-lang3-3.11.jar;"/>
    <property name="sun.cpu.endian" value="little"/>
    <property name="user.home" value="C:\Users\bryant.axell"/>
    <property name="user.language" value="en"/>
    <property name="java.specification.vendor" value="Oracle Corporation"/>
    <property name="java.version.date" value="2025-04-15"/>
    <property name="java.home" value="C:\Program Files\Java\jdk-24"/>
    <property name="file.separator" value="\"/>
    <property name="basedir" value="C:\Users\bryant.axell\java.p\testngprogram"/>
    <property name="java.vm.compressedOopsMode" value="Zero based"/>
    <property name="line.separator" value="&#10;"/>
    <property name="java.vm.specification.vendor" value="Oracle Corporation"/>
    <property name="java.specification.name" value="Java Platform API Specification"/>
    <property name="surefire.real.class.path" value="C:\Users\bryant.axell\AppData\Local\Temp\surefire7699033374508016469\surefirebooter-20250530163020147_3.jar"/>
    <property name="user.script" value=""/>
    <property name="sun.management.compiler" value="HotSpot 64-Bit Tiered Compilers"/>
    <property name="java.runtime.version" value="24.0.1+9-30"/>
    <property name="user.name" value="bryant.axell"/>
    <property name="stdout.encoding" value="Cp1252"/>
    <property name="path.separator" value=";"/>
    <property name="os.version" value="10.0"/>
    <property name="java.runtime.name" value="Java(TM) SE Runtime Environment"/>
    <property name="file.encoding" value="UTF-8"/>
    <property name="java.vm.name" value="Java HotSpot(TM) 64-Bit Server VM"/>
    <property name="localRepository" value="C:\Users\bryant.axell\.m2\repository"/>
    <property name="java.vendor.url.bug" value="https://bugreport.java.com/bugreport/"/>
    <property name="java.io.tmpdir" value="C:\Users\BRYANT~1.AXE\AppData\Local\Temp\"/>
    <property name="java.version" value="24.0.1"/>
    <property name="user.dir" value="C:\Users\bryant.axell\java.p\testngprogram"/>
    <property name="os.arch" value="amd64"/>
    <property name="java.vm.specification.name" value="Java Virtual Machine Specification"/>
    <property name="sun.os.patch.level" value=""/>
    <property name="native.encoding" value="Cp1252"/>
    <property name="java.library.path" value="C:\Program Files\Java\jdk-24\bin;C:\WINDOWS\Sun\Java\bin;C:\WINDOWS\system32;C:\WINDOWS;C:\Users\bryant.axell\bin;C:\Program Files\Git\mingw64\bin;C:\Program Files\Git\usr\local\bin;C:\Program Files\Git\usr\bin;C:\Program Files\Git\usr\bin;C:\Program Files\Git\mingw64\bin;C:\Program Files\Git\usr\bin;C:\Users\bryant.axell\bin;C:\Program Files\Eclipse Adoptium\jdk-21.0.7.6-hotspot\bin;C:\Program Files\Common Files\Oracle\Java\javapath;C:\Program Files (x86)\Common Files\Oracle\Java\java8path;C:\Program Files (x86)\Common Files\Oracle\Java\javapath;C:\Program Files (x86)\VMware\VMware Player\bin;C:\Windows\system32;C:\Windows;C:\Windows\System32\Wbem;C:\Windows\System32\WindowsPowerShell\v1.0;C:\Windows\System32\OpenSSH;C:\Program Files (x86)\NVIDIA Corporation\PhysX\Common;C:\WINDOWS\system32;C:\WINDOWS;C:\WINDOWS\System32\Wbem;C:\WINDOWS\System32\WindowsPowerShell\v1.0;C:\WINDOWS\System32\OpenSSH;C:\Program Files\dotnet;C:\Program Files\Git\cmd;C:\xampp\php;C:\ProgramData\ComposerSetup\bin;C:\Program Files\nodejs;C:\Program Files\apache-maven-3.8.8\bin;C:\Users\bryant.axell\AppData\Local\Microsoft\WindowsApps;C:\Users\bryant.axell\AppData\Local\Programs\Microsoft VS Code\bin;C:\Users\bryant.axell\AppData\Roaming\Composer\vendor\bin;C:\laragon\bin\php\php-8.3.6-nts-Win32-vs16-x64;C:\Users\bryant.axell\AppData\Roaming\npm;C:\Users\bryant.axell\AppData\Roaming\Code\User\globalStorage\github.copilot-chat\debugCommand;C:\Program Files\Git\usr\bin\vendor_perl;C:\Program Files\Git\usr\bin\core_perl;."/>
    <property name="java.vm.info" value="mixed mode, sharing"/>
    <property name="stderr.encoding" value="Cp1252"/>
    <property name="java.vendor" value="Oracle Corporation"/>
    <property name="java.vm.version" value="24.0.1+9-30"/>
    <property name="sun.io.unicode.encoding" value="UnicodeLittle"/>
    <property name="java.class.version" value="68.0"/>
  </properties>
  <testcase name="testLoginSuccess" classname="testng.RestAssuredImplementation" time="2.183">
    <system-out><![CDATA[Request method:	POST
Request URI:	https://whitesmokehouse.com/webhook/api/login
Proxy:			<none>
Request params:	<none>
Query params:	<none>
Form params:	<none>
Path params:	<none>
Headers:		Accept=*/*
				Content-Type=application/json
Cookies:		<none>
Multiparts:		<none>
Body:
{
    "email": "bryantaxell50@gmail.com",
    "password": "@dmin123"
}
Response: {
    "token": "eyJhbGciOiJIUzI1NiIsInR5cCI6IkpXVCJ9.eyJpZCI6IjI3MSIsImlhdCI6MTc0ODU5NzQyM30.J1mHuepV6U732LUQQGI4GqvfbuA9ASlp8uZ7lUe61hU"
}
Token: eyJhbGciOiJIUzI1NiIsInR5cCI6IkpXVCJ9.eyJpZCI6IjI3MSIsImlhdCI6MTc0ODU5NzQyM30.J1mHuepV6U732LUQQGI4GqvfbuA9ASlp8uZ7lUe61hU
]]></system-out>
    <system-err><![CDATA[SLF4J(W): No SLF4J providers were found.
SLF4J(W): Defaulting to no-operation (NOP) logger implementation
SLF4J(W): See https://www.slf4j.org/codes.html#noProviders for further details.
]]></system-err>
  </testcase>
  <testcase name="GetAllObject" classname="testng.RestAssuredImplementation" time="1.185">
    <system-out><![CDATA[Request method:	GET
Request URI:	https://whitesmokehouse.com/webhook/api/objects
Proxy:			<none>
Request params:	<none>
Query params:	<none>
Form params:	<none>
Path params:	<none>
Headers:		Authorization=Bearer eyJhbGciOiJIUzI1NiIsInR5cCI6IkpXVCJ9.eyJpZCI6IjI3MSIsImlhdCI6MTc0ODU5NzQyM30.J1mHuepV6U732LUQQGI4GqvfbuA9ASlp8uZ7lUe61hU
				Accept=*/*
Cookies:		<none>
Multiparts:		<none>
Body:			<none>
Response: [
    {
        "id": 401,
        "name": "Samsung A53 5G",
        "data": {
            "year": "2022",
            "price": "3000",
            "CPU model": "Exynos",
            "Hard disk size": "256 GB",
            "color": "Black",
            "capacity": 123,
            "screen_size": 5
        }
    },
    {
        "id": 133,
        "name": "Apple MacBook Pro 16",
        "data": {
            "year": "2019",
            "price": "1849.99",
            "CPU model": "Intel Core i9",
            "Hard disk size": "1 TB",
            "color": "red",
            "capacity": 2,
            "screen_size": 14
        }
    },
    {
        "id": 96,
        "name": "Apple MacBook Pro 16 Nikko",
        "data": {
            "year": "2019",
            "price": "1849.99",
            "CPU model": "Intel Core i9",
            "Hard disk size": "1 TB",
            "color": "red",
            "capacity": 2,
            "screen_size": 14
        }
    },
    {
        "id": 136,
        "name": "Apple MacBook Pro 16",
        "data": {
            "year": "2019",
            "price": "1849.99",
            "CPU model": "Intel Core i9",
            "Hard disk size": "1 TB",
            "color": "red",
            "capacity": 2,
            "screen_size": 14
        }
    },
    {
        "id": 197,
        "name": "Apple MacBook Pro 16 Diana Punya",
        "data": {
            "year": "2025",
            "price": "1849.99",
            "CPU model": "Intel Core i9",
            "Hard disk size": "1 TB",
            "color": "red",
            "capacity": 2,
            "screen_size": 14
        }
    },
    {
        "id": 200,
        "name": "Apple MacBook Pro 16 Diana Punya",
        "data": {
            "year": "2025",
            "price": "1849.99",
            "CPU model": "Intel Core i9",
            "Hard disk size": "1 TB",
            "color": "red",
            "capacity": 2,
            "screen_size": 14
        }
    },
    {
        "id": 404,
        "name": "Appleku",
        "data": {
            "year": "2019",
            "price": "1849.99",
            "CPU model": "Intel Core i9",
            "Hard disk size": "1 TB",
            "color": "red",
            "capacity": 2,
            "screen_size": 14
        }
    },
    {
        "id": 103,
        "name": "Apple MacBook Pro 16",
        "data": {
            "year": "2019",
            "price": "1849.99",
            "CPU model": "Intel Core i9",
            "Hard disk size": "1 TB",
            "color": "red",
            "capacity": 2,
            "screen_size": 14
        }
    },
    {
        "id": 188,
        "name": "Apple MacBook Pro 18",
        "data": {
            "year": "2035",
            "price": "1855.88",
            "CPU model": "Intel Core i10",
            "Hard disk size": "2 TB",
            "color": "red",
            "capacity": 3,
            "screen_size": 24
        }
    },
    {
        "id": 107,
        "name": "Apple MacBook Pro 16",
        "data": {
            "year": "2019",
            "price": "1849.99",
            "CPU model": "Intel Core i9",
            "Hard disk size": "1 TB",
            "color": "red",
            "capacity": 2,
            "screen_size": 14
        }
    },
    {
        "id": 145,
        "name": "Apple MacBook Pro 1611-albert12",
        "data": {
            "year": "2030",
            "price": "1849.99",
            "CPU model": "Intel Core i9",
            "Hard disk size": "1 TB",
            "color": "red",
            "capacity": 2,
            "screen_size": 14
        }
    },
    {
        "id": 135,
        "name": "Apple MacBook Pro 18",
        "data": {
            "year": "2035",
            "price": "1855.88",
            "CPU model": "Intel Core i10",
            "Hard disk size": "2 TB",
            "color": "red",
            "capacity": 3,
            "screen_size": 24
        }
    },
    {
        "id": 94,
        "name": "Apple MacBook Pro X 22",
        "data": {
            "year": "2022",
            "price": "1849.99",
            "CPU model": "Intel Core i9",
            "Hard disk size": "1 TB",
            "color": "red",
            "capacity": 2,
            "screen_size": 14
        }
    },
    {
        "id": 104,
        "name": "Apple MacBook Pro 1611-albert12",
        "data": {
            "year": "2030",
            "price": "1849.99",
            "CPU model": "Intel Core i9",
            "Hard disk size": "1 TB",
            "color": "red",
            "capacity": 2,
            "screen_size": 14
        }
    },
    {
        "id": 105,
        "name": "Asus Notebook Yuana",
        "data": {
            "year": "2025",
            "price": "1849.99",
            "CPU model": "Intel Core i9",
            "Hard disk size": "1 TB",
            "color": "red",
            "capacity": 2,
            "screen_size": 14
        }
    },
    {
        "id": 407,
        "name": "Lenovo K14",
        "data": {
            "year": "2024",
            "price": "1849.99",
            "CPU model": "Intel Core i9",
            "Hard disk size": "1 TB",
            "color": "black",
            "capacity": 2,
            "screen_size": 14
        }
    },
    {
        "id": 113,
        "name": "Apple MacBook Pro 16",
        "data": {
            "year": "2019",
            "price": "1849.99",
            "CPU model": "Intel Core i9",
            "Hard disk size": "1 TB",
            "color": "red",
            "capacity": 2,
            "screen_size": 14
        }
    },
    {
        "id": 114,
        "name": "Apple MacBook Pro 16",
        "data": {
            "year": "2019",
            "price": "1849.99",
            "CPU model": "Intel Core i9",
            "Hard disk size": "1 TB",
            "color": "red",
            "capacity": 2,
            "screen_size": 14
        }
    },
    {
        "id": 115,
        "name": "Apple MacBook Pro 16",
        "data": {
            "year": "2019",
            "price": "1849.99",
            "CPU model": "Intel Core i9",
            "Hard disk size": "1 TB",
            "color": "red",
            "capacity": 2,
            "screen_size": 14
        }
    },
    {
        "id": 761,
        "name": "Apple MacBook Pro 16 - Alifa Final",
        "data": {
            "year": "2019",
            "price": "1849.99",
            "CPU model": "Intel Core i9",
            "Hard disk size": "1 TB",
            "color": "red",
            "capacity": 2,
            "screen_size": 14
        }
    },
    {
        "id": 119,
        "name": "Asus Notebook Yuana",
        "data": {
            "year": "2025",
            "price": "1000",
            "CPU model": "Intel I3",
            "Hard disk size": "500 GB",
            "color": "red",
            "capacity": 2,
            "screen_size": 15
        }
    },
    {
        "id": 120,
        "name": "Apple MacBook Pro 16",
        "data": {
            "year": "2019",
            "price": "1849.99",
            "CPU model": "Intel Core i9",
            "Hard disk size": "1 TB",
            "color": "red",
            "capacity": 2,
            "screen_size": 14
        }
    },
    {
        "id": 117,
        "name": "Apple MacBook Pro 16",
        "data": {
            "year": "2019",
            "price": "1849.99",
            "CPU model": "Intel Core i9",
            "Hard disk size": "1 TB",
            "color": "red",
            "capacity": 2,
            "screen_size": 14
        }
    },
    {
        "id": 108,
        "name": "Lenovo Thinkpad T14s - Drajatp",
        "data": {
            "year": "2024",
            "price": "2049.99",
            "CPU model": "Intel vPRO Enterprise",
            "Hard disk size": "500 GB",
            "color": "black",
            "capacity": 4,
            "screen_size": 14
        }
    },
    {
        "id": 160,
        "name": "Apple MacBook Pro 16",
        "data": {
            "year": "2019",
            "price": "1849.99",
            "CPU model": "Intel Core i9",
            "Hard disk size": "1 TB",
            "color": "red",
            "capacity": 2,
            "screen_size": 14
        }
    },
    {
        "id": 101,
        "name": "Apple MacBook Pro 160-DianaPunya",
        "data": {
            "year": "2027",
            "price": "23500000",
            "CPU model": "Intel Core i9",
            "Hard disk size": "1 TB",
            "color": "Black",
            "capacity": 2,
            "screen_size": 16
        }
    },
    {
        "id": 413,
        "name": "Apple MacBook Pro 16",
        "data": {
            "year": "2019",
            "price": "1849.99",
            "CPU model": "Intel Core i9",
            "Hard disk size": "1 TB",
            "color": "red",
            "capacity": 2,
            "screen_size": 14
        }
    },
    {
        "id": 95,
        "name": "Apple MacBook Pro 14",
        "data": {
            "year": "2032",
            "price": "1849.99",
            "CPU model": "Intel Core i9",
            "Hard disk size": "1 TB",
            "color": "red",
            "capacity": 2,
            "screen_size": 14
        }
    },
    {
        "id": 128,
        "name": "ACER Notebook Yuana",
        "data": {
            "year": "2024",
            "price": "4000",
            "CPU model": "Intel I7",
            "Hard disk size": "500 GB",
            "color": "hitam",
            "capacity": 2,
            "screen_size": 15
        }
    },
    {
        "id": 124,
        "name": "ACER Notebook Yuana",
        "data": {
            "year": "2024",
            "price": "4000",
            "CPU model": "Intel I7",
            "Hard disk size": "500 GB",
            "color": "hitam",
            "capacity": 2,
            "screen_size": 15
        }
    },
    {
        "id": 121,
        "name": "Apple MacBook Pro 16",
        "data": {
            "year": "2019",
            "price": "1849.99",
            "CPU model": "Intel Core i9",
            "Hard disk size": "1 TB",
            "color": "red",
            "capacity": 2,
            "screen_size": 14
        }
    },
    {
        "id": 129,
        "name": "Apple MacBook Pro 16",
        "data": {
            "year": "2019",
            "price": "1849.99",
            "CPU model": "Intel Core i9",
            "Hard disk size": "1 TB",
            "color": "red",
            "capacity": 2,
            "screen_size": 14
        }
    },
    {
        "id": 100,
        "name": "Apple MacBook Pro 12",
        "data": {
            "year": "2030",
            "price": "1849.99",
            "CPU model": "Intel Core i9",
            "Hard disk size": "1 TB",
            "color": "red",
            "capacity": 2,
            "screen_size": 14
        }
    },
    {
        "id": 153,
        "name": "Apple MacBook Pro 1611-albert12",
        "data": {
            "year": "2030",
            "price": "1849.99",
            "CPU model": "Intel Core i9",
            "Hard disk size": "1 TB",
            "color": "red",
            "capacity": 2,
            "screen_size": 14
        }
    },
    {
        "id": 138,
        "name": "Apple MacBook Pro 1611-albert12",
        "data": {
            "year": "2030",
            "price": "1849.99",
            "CPU model": "Intel Core i9",
            "Hard disk size": "1 TB",
            "color": "red",
            "capacity": 2,
            "screen_size": 14
        }
    },
    {
        "id": 202,
        "name": "Apple MacBook Pro 16 Diana Punya Updated",
        "data": {
            "year": "2027",
            "price": "9384765",
            "CPU model": "Intel Core i9 plus",
            "Hard disk size": "3 TB",
            "color": "blue",
            "capacity": 5,
            "screen_size": 15
        }
    },
    {
        "id": 866,
        "name": "Tab Galaxy S10",
        "data": {
            "year": "2025",
            "price": "3000",
            "CPU model": "iOS 17",
            "Hard disk size": "1 TB",
            "color": "Black",
            "capacity": 255,
            "screen_size": 7
        }
    },
    {
        "id": 102,
        "name": "Apple MacBook Pro 1611-ikhsan12",
        "data": {
            "year": "2030",
            "price": "1849.99",
            "CPU model": "Intel Core i9",
            "Hard disk size": "1 TB",
            "color": "red",
            "capacity": 2,
            "screen_size": 14
        }
    },
    {
        "id": 140,
        "name": "Acer Aspire Lite AL14-52M-54V4",
        "data": {
            "year": "2024",
            "price": "10000000",
            "CPU model": "Intel Core i5-1334 CPU @1.30-4.60Ghz",
            "Hard disk size": "512GB SSD M2 NVMe",
            "color": "black",
            "capacity": 10,
            "screen_size": 14
        }
    },
    {
        "id": 132,
        "name": "ACER Notebook Yuana",
        "data": {
            "year": "2024",
            "price": "4000",
            "CPU model": "Intel I7",
            "Hard disk size": "500 GB",
            "color": "hitam",
            "capacity": 2,
            "screen_size": 15
        }
    },
    {
        "id": 397,
        "name": "Apple MacBook Pro 18",
        "data": {
            "year": "2035",
            "price": "1855.88",
            "CPU model": "Intel Core i10",
            "Hard disk size": "2 TB",
            "color": "red",
            "capacity": 3,
            "screen_size": 24
        }
    },
    {
        "id": 156,
        "name": "DESTIA Update Partial Object",
        "data": {
            "year": "2025",
            "price": "1849.99",
            "CPU model": "ADD Intel Core i9",
            "Hard disk size": "1 TB",
            "color": "red",
            "capacity": 2,
            "screen_size": 14
        }
    },
    {
        "id": 142,
        "name": "Apple MacBook Pro 16",
        "data": {
            "year": "2019",
            "price": "1849.99",
            "CPU model": "Intel Core i9",
            "Hard disk size": "1 TB",
            "color": "red",
            "capacity": 2,
            "screen_size": 14
        }
    },
    {
        "id": 97,
        "name": "Apple MacBook Pro 16",
        "data": {
            "year": "2019",
            "price": "1849.99",
            "CPU model": "Intel Core i9",
            "Hard disk size": "1 TB",
            "color": "red",
            "capacity": 2,
            "screen_size": 14
        }
    },
    {
        "id": 143,
        "name": "Apple MacBook Pro 16",
        "data": {
            "year": "2019",
            "price": "1849.99",
            "CPU model": "Intel Core i9",
            "Hard disk size": "1 TB",
            "color": "red",
            "capacity": 2,
            "screen_size": 14
        }
    },
    {
        "id": 144,
        "name": "Apple MacBook Pro 16",
        "data": {
            "year": "2019",
            "price": "1849.99",
            "CPU model": "Intel Core i9",
            "Hard disk size": "1 TB",
            "color": "red",
            "capacity": 2,
            "screen_size": 14
        }
    },
    {
        "id": 840,
        "name": "Tab Galaxy S10",
        "data": {
            "year": "2025",
            "price": "3000",
            "CPU model": "iOS 17",
            "Hard disk size": "1 TB",
            "color": "Black",
            "capacity": 255,
            "screen_size": 7
        }
    },
    {
        "id": 110,
        "name": "Laptop Uhuyan",
        "data": {
            "year": "2025",
            "price": "2549.99",
            "CPU model": "IntelCorei9",
            "Hard disk size": "1 TB",
            "color": "Black",
            "capacity": 2,
            "screen_size": 16
        }
    },
    {
        "id": 154,
        "name": "Add object Destia",
        "data": {
            "year": "2019",
            "price": "1849.99",
            "CPU model": "Intel Core i9",
            "Hard disk size": "1 TB",
            "color": "red",
            "capacity": 2,
            "screen_size": 14
        }
    },
    {
        "id": 155,
        "name": "Add object Destia via TestNG",
        "data": {
            "year": "2019",
            "price": "1849.99",
            "CPU model": "Intel Core i9",
            "Hard disk size": "1 TB",
            "color": "red",
            "capacity": 2,
            "screen_size": 14
        }
    },
    {
        "id": 158,
        "name": "Apple MacBook Pro 16",
        "data": {
            "year": "2019",
            "price": "1849.99",
            "CPU model": "Intel Core i9",
            "Hard disk size": "1 TB",
            "color": "red",
            "capacity": 2,
            "screen_size": 14
        }
    },
    {
        "id": 159,
        "name": "Add object Destia via TestNG",
        "data": {
            "year": "2025",
            "price": "1849.99",
            "CPU model": "ADD Intel Core i9",
            "Hard disk size": "1 TB",
            "color": "red",
            "capacity": 2,
            "screen_size": 14
        }
    },
    {
        "id": 161,
        "name": "Apple MacBook Pro 16",
        "data": {
            "year": "2019",
            "price": "1849.99",
            "CPU model": "Intel Core i9",
            "Hard disk size": "1 TB",
            "color": "red",
            "capacity": 2,
            "screen_size": 14
        }
    },
    {
        "id": 164,
        "name": "Apple MacBook Pro 16",
        "data": {
            "year": "2019",
            "price": "1849.99",
            "CPU model": "Intel Core i9",
            "Hard disk size": "1 TB",
            "color": "red",
            "capacity": 2,
            "screen_size": 14
        }
    },
    {
        "id": 163,
        "name": "Apple MacBook Pro 16",
        "data": {
            "year": "2019",
            "price": "1849.99",
            "CPU model": "Intel Core i9",
            "Hard disk size": "1 TB",
            "color": "red",
            "capacity": 2,
            "screen_size": 14
        }
    },
    {
        "id": 111,
        "name": "Apple MacBook Pro 1611-albert12",
        "data": {
            "year": "2030",
            "price": "1000",
            "CPU model": "Intel I3",
            "Hard disk size": "500 GB",
            "color": "red",
            "capacity": 2,
            "screen_size": 15
        }
    },
    {
        "id": 394,
        "name": "Samsung A53 5G",
        "data": {
            "year": "2022",
            "price": "3000",
            "CPU model": "Exynos",
            "Hard disk size": "256 GB",
            "color": "Black",
            "capacity": 123,
            "screen_size": 5
        }
    },
    {
        "id": 165,
        "name": "Apple MacBook Pro 16",
        "data": {
            "year": "2019",
            "price": "1849.99",
            "CPU model": "Intel Core i9",
            "Hard disk size": "1 TB",
            "color": "red",
            "capacity": 2,
            "screen_size": 14
        }
    },
    {
        "id": 167,
        "name": "Apple MacBook Pro 16",
        "data": {
            "year": "2019",
            "price": "1849.99",
            "CPU model": "Intel Core i9",
            "Hard disk size": "1 TB",
            "color": "red",
            "capacity": 2,
            "screen_size": 14
        }
    },
    {
        "id": 178,
        "name": "HP SERI W EDIT",
        "data": {
            "year": "2019",
            "price": "1849.99",
            "CPU model": "Intel Core i9",
            "Hard disk size": "1 TB",
            "color": "red",
            "capacity": 2,
            "screen_size": 14
        }
    },
    {
        "id": 398,
        "name": "Apple MacBook Pro M1",
        "data": {
            "year": "2022",
            "price": "25000000",
            "CPU model": "M1",
            "Hard disk size": "1 TB",
            "color": "White",
            "capacity": 2,
            "screen_size": 16
        }
    },
    {
        "id": 169,
        "name": "Add object Destia via TestNG",
        "data": {
            "year": "2025",
            "price": "1849.99",
            "CPU model": "ADD Intel Core i9",
            "Hard disk size": "1 TB",
            "color": "red",
            "capacity": 2,
            "screen_size": 14
        }
    },
    {
        "id": 192,
        "name": "Apple MacBook Pro 1611-albert12",
        "data": {
            "year": "2030",
            "price": "2549.99",
            "CPU model": "Intel Core i9",
            "Hard disk size": "1 TB",
            "color": "Black",
            "capacity": 2,
            "screen_size": 16
        }
    },
    {
        "id": 170,
        "name": "Lenovo Ideapad 7i",
        "data": {
            "year": "2023",
            "price": "1849.99",
            "CPU model": "Intel Core i7",
            "Hard disk size": "1 TB",
            "color": "silver",
            "capacity": 2,
            "screen_size": 14
        }
    },
    {
        "id": 171,
        "name": "Apple MacBook Pro 16",
        "data": {
            "year": "2019",
            "price": "1849.99",
            "CPU model": "Intel Core i9",
            "Hard disk size": "1 TB",
            "color": "red",
            "capacity": 2,
            "screen_size": 14
        }
    },
    {
        "id": 172,
        "name": "Apple MacBook Pro 16",
        "data": {
            "year": "2019",
            "price": "1849.99",
            "CPU model": "Intel Core i9",
            "Hard disk size": "1 TB",
            "color": "red",
            "capacity": 2,
            "screen_size": 14
        }
    },
    {
        "id": 173,
        "name": "Apple MacBook Pro 16",
        "data": {
            "year": "2019",
            "price": "1849.99",
            "CPU model": "Intel Core i9",
            "Hard disk size": "1 TB",
            "color": "red",
            "capacity": 2,
            "screen_size": 14
        }
    },
    {
        "id": 177,
        "name": "Laptop Uhuy",
        "data": {
            "year": "2025",
            "price": "2549.99",
            "CPU model": "Intel Core i9",
            "Hard disk size": "1 TB",
            "color": "Black",
            "capacity": 2,
            "screen_size": 16
        }
    },
    {
        "id": 207,
        "name": "Apple MacBook Pro 16 Diana Punya",
        "data": {
            "year": "2025",
            "price": "1849.99",
            "CPU model": "Intel Core i9",
            "Hard disk size": "1 TB",
            "color": "red",
            "capacity": 2,
            "screen_size": 14
        }
    },
    {
        "id": 179,
        "name": "Laptop Uhuy",
        "data": {
            "year": "2025",
            "price": "2549.99",
            "CPU model": "Intel Core i9",
            "Hard disk size": "1 TB",
            "color": "Black",
            "capacity": 2,
            "screen_size": 16
        }
    },
    {
        "id": 994,
        "name": "Samsung Flip 17",
        "data": {
            "year": "2029",
            "price": "20987.72",
            "CPU model": "Exynos",
            "Hard disk size": "2 GB",
            "color": "Purple",
            "capacity": 120,
            "screen_size": 7.6
        }
    },
    {
        "id": 175,
        "name": "Laptop dirwan",
        "data": {
            "year": "2025",
            "price": "2549.99",
            "CPU model": "IntelCorei9",
            "Hard disk size": "2 TB",
            "color": "Black",
            "capacity": 2,
            "screen_size": 16
        }
    },
    {
        "id": 408,
        "name": "Lenovo K14",
        "data": {
            "year": "2024",
            "price": "1849.99",
            "CPU model": "Intel Core i9",
            "Hard disk size": "1 TB",
            "color": "black",
            "capacity": 2,
            "screen_size": 14
        }
    },
    {
        "id": 402,
        "name": "Apple MacBook Pro 16",
        "data": {
            "year": "2019",
            "price": "1849.99",
            "CPU model": "Intel Core i9",
            "Hard disk size": "1 TB",
            "color": "red",
            "capacity": 2,
            "screen_size": 14
        }
    },
    {
        "id": 411,
        "name": "Laptop_cceb1",
        "data": {
            "year": "2025",
            "price": "1999.99",
            "CPU model": "Intel Core i7",
            "Hard disk size": "1 TB",
            "color": "black",
            "capacity": 2,
            "screen_size": 15
        }
    },
    {
        "id": 183,
        "name": "Laptop Uhuy",
        "data": {
            "year": "2025",
            "price": "2549.99",
            "CPU model": "Intel Core i9",
            "Hard disk size": "1 TB",
            "color": "Black",
            "capacity": 2,
            "screen_size": 16
        }
    },
    {
        "id": 195,
        "name": "Apple MacBook Pro 16 - update bondan",
        "data": {
            "year": "2019",
            "price": "1849.99",
            "CPU model": "Intel Core i9",
            "Hard disk size": "1 TB",
            "color": "red",
            "capacity": 2,
            "screen_size": 14
        }
    },
    {
        "id": 166,
        "name": "Apple MacBook Pro 15",
        "data": {
            "year": "2019",
            "price": "1849.99",
            "CPU model": "Intel Core i9",
            "Hard disk size": "1 TB",
            "color": "red",
            "capacity": 2,
            "screen_size": 14
        }
    },
    {
        "id": 213,
        "name": "Apple MacBook Pro 16 Diana Punya",
        "data": {
            "year": "2025",
            "price": "1849.99",
            "CPU model": "Intel Core i9",
            "Hard disk size": "1 TB",
            "color": "red",
            "capacity": 2,
            "screen_size": 14
        }
    },
    {
        "id": 215,
        "name": "Apple MacBook Pro 16 Diana Punya",
        "data": {
            "year": "2025",
            "price": "1849.99",
            "CPU model": "Intel Core i9",
            "Hard disk size": "1 TB",
            "color": "red",
            "capacity": 2,
            "screen_size": 14
        }
    },
    {
        "id": 217,
        "name": "Apple MacBook Pro 16",
        "data": {
            "year": "2019",
            "price": "1849.99",
            "CPU model": "Intel Core i9",
            "Hard disk size": "1 TB",
            "color": "red",
            "capacity": 2,
            "screen_size": 14
        }
    },
    {
        "id": 218,
        "name": "Apple MacBook Pro 16 Diana Punya",
        "data": {
            "year": "2025",
            "price": "1849.99",
            "CPU model": "Intel Core i9",
            "Hard disk size": "1 TB",
            "color": "red",
            "capacity": 2,
            "screen_size": 14
        }
    },
    {
        "id": 256,
        "name": "Lenovo Ideapad 7i",
        "data": {
            "year": "2023",
            "price": "1849.99",
            "CPU model": "Intel Core i7",
            "Hard disk size": "1 TB",
            "color": "silver",
            "capacity": 2,
            "screen_size": 14
        }
    },
    {
        "id": 203,
        "name": "Apple MacBook Pro 16",
        "data": {
            "year": "2019",
            "price": "1849.99",
            "CPU model": "Intel Core i9",
            "Hard disk size": "1 TB",
            "color": "red",
            "capacity": 2,
            "screen_size": 14
        }
    },
    {
        "id": 220,
        "name": "Apple MacBook Pro 16 Diana Punya",
        "data": {
            "year": "2025",
            "price": "1849.99",
            "CPU model": "Intel Core i9",
            "Hard disk size": "1 TB",
            "color": "red",
            "capacity": 2,
            "screen_size": 14
        }
    },
    {
        "id": 246,
        "name": "Lenovo Ideapad 7i",
        "data": {
            "year": "2023",
            "price": "1849.99",
            "CPU model": "Intel Core i7",
            "Hard disk size": "1 TB",
            "color": "silver",
            "capacity": 2,
            "screen_size": 14
        }
    },
    {
        "id": 267,
        "name": "Apple MacBook Pro 16",
        "data": {
            "year": "2019",
            "price": "1849.99",
            "CPU model": "Intel Core i9",
            "Hard disk size": "1 TB",
            "color": "red",
            "capacity": 2,
            "screen_size": 14
        }
    },
    {
        "id": 209,
        "name": "Apple MacBook Pro 16 - Bondan PATCH",
        "data": {
            "year": "2025",
            "price": "1849.99",
            "CPU model": "Intel Core i9",
            "Hard disk size": "1 TB",
            "color": "red",
            "capacity": 2,
            "screen_size": 14
        }
    },
    {
        "id": 248,
        "name": "Lenovo Ideapad 7i",
        "data": {
            "year": "2023",
            "price": "1849.99",
            "CPU model": "Intel Core i7",
            "Hard disk size": "1 TB",
            "color": "silver",
            "capacity": 2,
            "screen_size": 14
        }
    },
    {
        "id": 222,
        "name": "Apple MacBook Pro 16",
        "data": {
            "year": "2019",
            "price": "1849.99",
            "CPU model": "Intel Core i9",
            "Hard disk size": "1 TB",
            "color": "red",
            "capacity": 2,
            "screen_size": 14
        }
    },
    {
        "id": 224,
        "name": "Apple MacBook Pro 16",
        "data": {
            "year": "2019",
            "price": "1849.99",
            "CPU model": "Intel Core i9",
            "Hard disk size": "1 TB",
            "color": "red",
            "capacity": 2,
            "screen_size": 14
        }
    },
    {
        "id": 226,
        "name": "Apple MacBook Pro 16",
        "data": {
            "year": "2019",
            "price": "1849.99",
            "CPU model": "Intel Core i9",
            "Hard disk size": "1 TB",
            "color": "red",
            "capacity": 2,
            "screen_size": 14
        }
    },
    {
        "id": 228,
        "name": "Apple MacBook Pro 16",
        "data": {
            "year": "2019",
            "price": "1849.99",
            "CPU model": "Intel Core i9",
            "Hard disk size": "1 TB",
            "color": "red",
            "capacity": 2,
            "screen_size": 14
        }
    },
    {
        "id": 230,
        "name": "Apple MacBook Air M1 azhar",
        "data": {
            "year": "2020",
            "price": "1199",
            "CPU model": "Apple M1",
            "Hard disk size": "256 GB",
            "color": "SPace Grey",
            "capacity": 8,
            "screen_size": 13
        }
    },
    {
        "id": 234,
        "name": "Lenovo Ideapad 7i",
        "data": {
            "year": "2023",
            "price": "1849.99",
            "CPU model": "Intel Core i7",
            "Hard disk size": "1 TB",
            "color": "silver",
            "capacity": 2,
            "screen_size": 14
        }
    },
    {
        "id": 238,
        "name": "Lenovo Ideapad 7i",
        "data": {
            "year": "2023",
            "price": "1849.99",
            "CPU model": "Intel Core i7",
            "Hard disk size": "1 TB",
            "color": "silver",
            "capacity": 2,
            "screen_size": 14
        }
    },
    {
        "id": 242,
        "name": "Lenovo Ideapad 7i",
        "data": {
            "year": "2023",
            "price": "1849.99",
            "CPU model": "Intel Core i7",
            "Hard disk size": "1 TB",
            "color": "silver",
            "capacity": 2,
            "screen_size": 14
        }
    },
    {
        "id": 112,
        "name": "Apple MacBook Pro 1611-albert12",
        "data": {
            "year": "2030",
            "price": "1849.99",
            "CPU model": "Intel Core i9",
            "Hard disk size": "1 TB",
            "color": "red",
            "capacity": 2,
            "screen_size": 14
        }
    },
    {
        "id": 243,
        "name": "Lenovo Ideapad 7i",
        "data": {
            "year": "2023",
            "price": "1849.99",
            "CPU model": "Intel Core i7",
            "Hard disk size": "1 TB",
            "color": "silver",
            "capacity": 2,
            "screen_size": 14
        }
    },
    {
        "id": 244,
        "name": "Apple MacBook Air M1 azhar partially update",
        "data": {
            "year": "2020",
            "price": "999",
            "CPU model": "Apple M1 partially update",
            "Hard disk size": "256 GB",
            "color": "space grey",
            "capacity": 8,
            "screen_size": 13
        }
    },
    {
        "id": 257,
        "name": "Lenovo Ideapad 7i",
        "data": {
            "year": "2023",
            "price": "1849.99",
            "CPU model": "Intel Core i7",
            "Hard disk size": "1 TB",
            "color": "silver",
            "capacity": 2,
            "screen_size": 14
        }
    },
    {
        "id": 261,
        "name": "Apple MacBook Pro 16",
        "data": {
            "year": "2019",
            "price": "1849.99",
            "CPU model": "Intel Core i9",
            "Hard disk size": "1 TB",
            "color": "red",
            "capacity": 2,
            "screen_size": 14
        }
    },
    {
        "id": 250,
        "name": "Macbook Red",
        "data": {
            "year": "2024",
            "price": "1999.99",
            "CPU model": "M3 Pro",
            "Hard disk size": "1 TB",
            "color": "red",
            "capacity": 2,
            "screen_size": 14
        }
    },
    {
        "id": 251,
        "name": "Macbook Red",
        "data": {
            "year": "2024",
            "price": "1999.99",
            "CPU model": "M3 Pro",
            "Hard disk size": "1 TB",
            "color": "red",
            "capacity": 2,
            "screen_size": 14
        }
    },
    {
        "id": 252,
        "name": "Lenovo Ideapad 7i",
        "data": {
            "year": "2023",
            "price": "1849.99",
            "CPU model": "Intel Core i7",
            "Hard disk size": "1 TB",
            "color": "silver",
            "capacity": 2,
            "screen_size": 14
        }
    },
    {
        "id": 258,
        "name": "Lenovo Ideapad 7i",
        "data": {
            "year": "2023",
            "price": "1849.99",
            "CPU model": "Intel Core i7",
            "Hard disk size": "1 TB",
            "color": "silver",
            "capacity": 2,
            "screen_size": 14
        }
    },
    {
        "id": 254,
        "name": "Macbook Blue",
        "data": {
            "year": "2025",
            "price": "2499.99",
            "CPU model": "M3 Max",
            "Hard disk size": "2 TB",
            "color": "blue",
            "capacity": 4,
            "screen_size": 16
        }
    },
    {
        "id": 255,
        "name": "Macbook Red",
        "data": {
            "year": "2024",
            "price": "1999.99",
            "CPU model": "M3 Pro",
            "Hard disk size": "1 TB",
            "color": "red",
            "capacity": 2,
            "screen_size": 14
        }
    },
    {
        "id": 233,
        "name": "Lenovo Ideapad 7i",
        "data": {
            "year": "2023",
            "price": "1849.99",
            "CPU model": "Intel Core i7",
            "Hard disk size": "1 TB",
            "color": "blue",
            "capacity": 2,
            "screen_size": 14
        }
    },
    {
        "id": 268,
        "name": "Apple MacBook Pro 16",
        "data": {
            "year": "2019",
            "price": "1849.99",
            "CPU model": "Intel Core i9",
            "Hard disk size": "1 TB",
            "color": "red",
            "capacity": 2,
            "screen_size": 14
        }
    },
    {
        "id": 269,
        "name": "Apple MacBook Pro 16",
        "data": {
            "year": "2019",
            "price": "1849.99",
            "CPU model": "Intel Core i9",
            "Hard disk size": "1 TB",
            "color": "red",
            "capacity": 2,
            "screen_size": 14
        }
    },
    {
        "id": 270,
        "name": "Apple MacBook Pro 16",
        "data": {
            "year": "2019",
            "price": "1849.99",
            "CPU model": "Intel Core i9",
            "Hard disk size": "1 TB",
            "color": "red",
            "capacity": 2,
            "screen_size": 14
        }
    },
    {
        "id": 274,
        "name": "Apple MacBook Pro 16",
        "data": {
            "year": "2019",
            "price": "1849.99",
            "CPU model": "Intel Core i9",
            "Hard disk size": "1 TB",
            "color": "red",
            "capacity": 2,
            "screen_size": 14
        }
    },
    {
        "id": 276,
        "name": "Apple MacBook Pro 16",
        "data": {
            "year": "2019",
            "price": "1849.99",
            "CPU model": "Intel Core i9",
            "Hard disk size": "1 TB",
            "color": "red",
            "capacity": 2,
            "screen_size": 14
        }
    },
    {
        "id": 275,
        "name": "Apple MacBook Pro 16",
        "data": {
            "year": "2019",
            "price": "1849.99",
            "CPU model": "Intel Core i9",
            "Hard disk size": "1 TB",
            "color": "red",
            "capacity": 2,
            "screen_size": 14
        }
    },
    {
        "id": 277,
        "name": "Apple MacBook Pro 16",
        "data": {
            "year": "2019",
            "price": "1849.99",
            "CPU model": "Intel Core i9",
            "Hard disk size": "1 TB",
            "color": "red",
            "capacity": 2,
            "screen_size": 14
        }
    },
    {
        "id": 278,
        "name": "Apple MacBook Pro 16",
        "data": {
            "year": "2019",
            "price": "1849.99",
            "CPU model": "Intel Core i9",
            "Hard disk size": "1 TB",
            "color": "red",
            "capacity": 2,
            "screen_size": 14
        }
    },
    {
        "id": 279,
        "name": "Apple MacBook Pro 16",
        "data": {
            "year": "2019",
            "price": "1849.99",
            "CPU model": "Intel Core i9",
            "Hard disk size": "1 TB",
            "color": "red",
            "capacity": 2,
            "screen_size": 14
        }
    },
    {
        "id": 280,
        "name": "Appleku",
        "data": {
            "year": "2019",
            "price": "1849.99",
            "CPU model": "Intel Core i9",
            "Hard disk size": "1 TB",
            "color": "red",
            "capacity": 2,
            "screen_size": 14
        }
    },
    {
        "id": 281,
        "name": "Appleku",
        "data": {
            "year": "2019",
            "price": "1849.99",
            "CPU model": "Intel Core i9",
            "Hard disk size": "1 TB",
            "color": "red",
            "capacity": 2,
            "screen_size": 14
        }
    },
    {
        "id": 282,
        "name": "Appleku",
        "data": {
            "year": "2019",
            "price": "1849.99",
            "CPU model": "Intel Core i9",
            "Hard disk size": "1 TB",
            "color": "red",
            "capacity": 2,
            "screen_size": 14
        }
    },
    {
        "id": 283,
        "name": "Appleku",
        "data": {
            "year": "2019",
            "price": "1849.99",
            "CPU model": "Intel Core i9",
            "Hard disk size": "1 TB",
            "color": "red",
            "capacity": 2,
            "screen_size": 14
        }
    },
    {
        "id": 284,
        "name": "Tab Galaxy S10",
        "data": {
            "year": "2025",
            "price": "1000.87",
            "CPU model": "iOS 17",
            "Hard disk size": "1 TB",
            "color": "Black",
            "capacity": 255,
            "screen_size": 7
        }
    },
    {
        "id": 386,
        "name": "Apple MacBook Pro 17",
        "data": {
            "year": "2020",
            "price": "1849.99",
            "CPU model": "Intel Core i9",
            "Hard disk size": "1 TB",
            "color": "red",
            "capacity": 2,
            "screen_size": 14
        }
    },
    {
        "id": 286,
        "name": "Apple MacBook Pro 18",
        "data": {
            "year": "2019",
            "price": "1849.99",
            "CPU model": "Intel Core i9",
            "Hard disk size": "1 TB",
            "color": "blue",
            "capacity": 2,
            "screen_size": 14
        }
    },
    {
        "id": 287,
        "name": "Apple MacBook Pro 18",
        "data": {
            "year": "2019",
            "price": "1849.99",
            "CPU model": "Intel Core i9",
            "Hard disk size": "1 TB",
            "color": "blue",
            "capacity": 2,
            "screen_size": 14
        }
    },
    {
        "id": 372,
        "name": "Lenovo K14 - Partially Update",
        "data": {
            "year": "2026",
            "price": "1849.99",
            "CPU model": "Intel Core i9",
            "Hard disk size": "1 TB",
            "color": "yellow",
            "capacity": 2,
            "screen_size": 14
        }
    },
    {
        "id": 322,
        "name": "Apple MacBook Pro 16",
        "data": {
            "year": "2019",
            "price": "1849.99",
            "CPU model": "Intel Core i9",
            "Hard disk size": "1 TB",
            "color": "red",
            "capacity": 2,
            "screen_size": 14
        }
    },
    {
        "id": 323,
        "name": "Apple MacBook Pro 16",
        "data": {
            "year": "2019",
            "price": "1849.99",
            "CPU model": "Intel Core i9",
            "Hard disk size": "1 TB",
            "color": "red",
            "capacity": 2,
            "screen_size": 14
        }
    },
    {
        "id": 289,
        "name": "Apple MacBook Pro 18",
        "data": {
            "year": "2019",
            "price": "1849.99",
            "CPU model": "Intel Core i9",
            "Hard disk size": "1 TB",
            "color": "blue",
            "capacity": 2,
            "screen_size": 14
        }
    },
    {
        "id": 379,
        "name": "Samsung A53 5G",
        "data": {
            "year": "2022",
            "price": "3000",
            "CPU model": "Exynos",
            "Hard disk size": "256 GB",
            "color": "Black",
            "capacity": 123,
            "screen_size": 5
        }
    },
    {
        "id": 608,
        "name": "Tab Galaxy S10",
        "data": {
            "year": "2025",
            "price": "1000",
            "CPU model": "iOS 17",
            "Hard disk size": "1 TB",
            "color": "Black",
            "capacity": 255,
            "screen_size": 7
        }
    },
    {
        "id": 381,
        "name": "Samsung A53 5G",
        "data": {
            "year": "2022",
            "price": "3000",
            "CPU model": "Exynos",
            "Hard disk size": "256 GB",
            "color": "Black",
            "capacity": 123,
            "screen_size": 5
        }
    },
    {
        "id": 292,
        "name": "Apple MacBook Pro 18",
        "data": {
            "year": "2019",
            "price": "1849.99",
            "CPU model": "Intel Core i9",
            "Hard disk size": "1 TB",
            "color": "blue",
            "capacity": 2,
            "screen_size": 14
        }
    },
    {
        "id": 293,
        "name": "Apple MacBook Pro 18",
        "data": {
            "year": "2019",
            "price": "1849.99",
            "CPU model": "Intel Core i9",
            "Hard disk size": "1 TB",
            "color": "blue",
            "capacity": 2,
            "screen_size": 14
        }
    },
    {
        "id": 668,
        "name": "Tab Galaxy S10",
        "data": {
            "year": "2025",
            "price": "3000",
            "CPU model": "iOS 17",
            "Hard disk size": "1 TB",
            "color": "Black",
            "capacity": 255,
            "screen_size": 7
        }
    },
    {
        "id": 383,
        "name": "Samsung A53 5G",
        "data": {
            "year": "2022",
            "price": "3000",
            "CPU model": "Exynos",
            "Hard disk size": "256 GB",
            "color": "Black",
            "capacity": 123,
            "screen_size": 5
        }
    },
    {
        "id": 324,
        "name": "Apple MacBook Pro 16",
        "data": {
            "year": "2019",
            "price": "1849.99",
            "CPU model": "Intel Core i9",
            "Hard disk size": "1 TB",
            "color": "red",
            "capacity": 2,
            "screen_size": 14
        }
    },
    {
        "id": 295,
        "name": "Apple MacBook Pro 1611-daffa",
        "data": {
            "year": "2030",
            "price": "1849.99",
            "CPU model": "Intel Core i9",
            "Hard disk size": "1 TB",
            "color": "blue",
            "capacity": 2,
            "screen_size": 14
        }
    },
    {
        "id": 669,
        "name": "Asus Notebook Yuana",
        "data": {
            "year": "2025",
            "price": "1000",
            "CPU model": "Intel I3",
            "Hard disk size": "500 GB",
            "color": "red",
            "capacity": 2,
            "screen_size": 15
        }
    },
    {
        "id": 297,
        "name": "Appleku",
        "data": {
            "year": "2019",
            "price": "1849.99",
            "CPU model": "Intel Core i9",
            "Hard disk size": "1 TB",
            "color": "red",
            "capacity": 2,
            "screen_size": 14
        }
    },
    {
        "id": 298,
        "name": "Apple MacBook Pro 16",
        "data": {
            "year": "2019",
            "price": "1849.99",
            "CPU model": "Intel Core i9",
            "Hard disk size": "1 TB",
            "color": "red",
            "capacity": 2,
            "screen_size": 14
        }
    },
    {
        "id": 299,
        "name": "Apple MacBook Pro 16",
        "data": {
            "year": "2019",
            "price": "1849.99",
            "CPU model": "Intel Core i9",
            "Hard disk size": "1 TB",
            "color": "red",
            "capacity": 2,
            "screen_size": 14
        }
    },
    {
        "id": 300,
        "name": "Apple MacBook Pro 16",
        "data": {
            "year": "2019",
            "price": "1849.99",
            "CPU model": "Intel Core i9",
            "Hard disk size": "1 TB",
            "color": "red",
            "capacity": 2,
            "screen_size": 14
        }
    },
    {
        "id": 301,
        "name": "Apple MacBook Pro 16",
        "data": {
            "year": "2019",
            "price": "1849.99",
            "CPU model": "Intel Core i9",
            "Hard disk size": "1 TB",
            "color": "red",
            "capacity": 2,
            "screen_size": 14
        }
    },
    {
        "id": 302,
        "name": "Apple MacBook Pro 16",
        "data": {
            "year": "2019",
            "price": "1849.99",
            "CPU model": "Intel Core i9",
            "Hard disk size": "1 TB",
            "color": "red",
            "capacity": 2,
            "screen_size": 14
        }
    },
    {
        "id": 303,
        "name": "Apple MacBook Pro 16",
        "data": {
            "year": "2019",
            "price": "1849.99",
            "CPU model": "Intel Core i9",
            "Hard disk size": "1 TB",
            "color": "red",
            "capacity": 2,
            "screen_size": 14
        }
    },
    {
        "id": 304,
        "name": "Apple MacBook Pro 16",
        "data": {
            "year": "2019",
            "price": "1849.99",
            "CPU model": "Intel Core i9",
            "Hard disk size": "1 TB",
            "color": "red",
            "capacity": 2,
            "screen_size": 14
        }
    },
    {
        "id": 305,
        "name": "Apple MacBook Pro 16",
        "data": {
            "year": "2019",
            "price": "1849.99",
            "CPU model": "Intel Core i9",
            "Hard disk size": "1 TB",
            "color": "red",
            "capacity": 2,
            "screen_size": 14
        }
    },
    {
        "id": 306,
        "name": "Apple MacBook Pro 18",
        "data": {
            "year": "2019",
            "price": "1849.99",
            "CPU model": "Intel Core i9",
            "Hard disk size": "1 TB",
            "color": "blue",
            "capacity": 2,
            "screen_size": 14
        }
    },
    {
        "id": 307,
        "name": "Apple MacBook Pro 16",
        "data": {
            "year": "2019",
            "price": "1849.99",
            "CPU model": "Intel Core i9",
            "Hard disk size": "1 TB",
            "color": "red",
            "capacity": 2,
            "screen_size": 14
        }
    },
    {
        "id": 308,
        "name": "Apple MacBook Pro 16",
        "data": {
            "year": "2019",
            "price": "1849.99",
            "CPU model": "Intel Core i9",
            "Hard disk size": "1 TB",
            "color": "red",
            "capacity": 2,
            "screen_size": 14
        }
    },
    {
        "id": 309,
        "name": "Apple MacBook Pro 16",
        "data": {
            "year": "2019",
            "price": "1849.99",
            "CPU model": "Intel Core i9",
            "Hard disk size": "1 TB",
            "color": "red",
            "capacity": 2,
            "screen_size": 14
        }
    },
    {
        "id": 310,
        "name": "Apple MacBook Pro 16",
        "data": {
            "year": "2019",
            "price": "1849.99",
            "CPU model": "Intel Core i9",
            "Hard disk size": "1 TB",
            "color": "red",
            "capacity": 2,
            "screen_size": 14
        }
    },
    {
        "id": 312,
        "name": "Apple MacBook Pro 16",
        "data": {
            "year": "2019",
            "price": "1849.99",
            "CPU model": "Intel Core i9",
            "Hard disk size": "1 TB",
            "color": "red",
            "capacity": 2,
            "screen_size": 14
        }
    },
    {
        "id": 344,
        "name": "Tab Galaxy S10",
        "data": {
            "year": "2025",
            "price": "1000.87",
            "CPU model": "iOS 17",
            "Hard disk size": "1 TB",
            "color": "Black",
            "capacity": 255,
            "screen_size": 7
        }
    },
    {
        "id": 347,
        "name": "Tab Galaxy S10",
        "data": {
            "year": "2025",
            "price": "1000",
            "CPU model": "iOS 17",
            "Hard disk size": "1 TB",
            "color": "Black",
            "capacity": 255,
            "screen_size": 7
        }
    },
    {
        "id": 348,
        "name": "Samsung A53 5G",
        "data": {
            "year": "2022",
            "price": "3000",
            "CPU model": "Exynos",
            "Hard disk size": "256 GB",
            "color": "Black",
            "capacity": 123,
            "screen_size": 5
        }
    },
    {
        "id": 350,
        "name": "Tab Galaxy S10",
        "data": {
            "year": "2025",
            "price": "3000",
            "CPU model": "iOS 17",
            "Hard disk size": "1 TB",
            "color": "Black",
            "capacity": 255,
            "screen_size": 7
        }
    },
    {
        "id": 351,
        "name": "Samsung A53 5G",
        "data": {
            "year": "2022",
            "price": "3000",
            "CPU model": "Exynos",
            "Hard disk size": "256 GB",
            "color": "Black",
            "capacity": 123,
            "screen_size": 5
        }
    },
    {
        "id": 342,
        "name": "Apple MacBook Pro 16",
        "data": {
            "year": "2019",
            "price": "1849.99",
            "CPU model": "Intel Core i9",
            "Hard disk size": "1 TB",
            "color": "red",
            "capacity": 2,
            "screen_size": 14
        }
    },
    {
        "id": 352,
        "name": "Samsung A53 5G",
        "data": {
            "year": "2022",
            "price": "3000",
            "CPU model": "Exynos",
            "Hard disk size": "256 GB",
            "color": "Black",
            "capacity": 123,
            "screen_size": 5
        }
    },
    {
        "id": 353,
        "name": "Samsung A53 5G",
        "data": {
            "year": "2022",
            "price": "3000",
            "CPU model": "Exynos",
            "Hard disk size": "256 GB",
            "color": "Black",
            "capacity": 123,
            "screen_size": 5
        }
    },
    {
        "id": 354,
        "name": "Samsung A53 5G",
        "data": {
            "year": "2022",
            "price": "3000",
            "CPU model": "Exynos",
            "Hard disk size": "256 GB",
            "color": "Black",
            "capacity": 123,
            "screen_size": 5
        }
    },
    {
        "id": 355,
        "name": "Samsung A53 5G",
        "data": {
            "year": "2022",
            "price": "3000",
            "CPU model": "Exynos",
            "Hard disk size": "256 GB",
            "color": "Black",
            "capacity": 123,
            "screen_size": 5
        }
    },
    {
        "id": 356,
        "name": "Samsung A53 5G",
        "data": {
            "year": "2022",
            "price": "3000",
            "CPU model": "Exynos",
            "Hard disk size": "256 GB",
            "color": "Black",
            "capacity": 123,
            "screen_size": 5
        }
    },
    {
        "id": 357,
        "name": "Samsung A53 5G",
        "data": {
            "year": "2022",
            "price": "3000",
            "CPU model": "Exynos",
            "Hard disk size": "256 GB",
            "color": "Black",
            "capacity": 123,
            "screen_size": 5
        }
    },
    {
        "id": 358,
        "name": "Samsung A53 5G",
        "data": {
            "year": "2022",
            "price": "3000",
            "CPU model": "Exynos",
            "Hard disk size": "256 GB",
            "color": "Black",
            "capacity": 123,
            "screen_size": 5
        }
    },
    {
        "id": 368,
        "name": "Apple MacBook Pro 16",
        "data": {
            "year": "2019",
            "price": "1849",
            "CPU model": "Intel Core i9",
            "Hard disk size": "1",
            "color": "red",
            "capacity": 2,
            "screen_size": 14
        }
    },
    {
        "id": 369,
        "name": "Apple MacBook Pro 16",
        "data": {
            "year": "2019",
            "price": "1849",
            "CPU model": "Intel Core i9",
            "Hard disk size": "1",
            "color": "red",
            "capacity": 2,
            "screen_size": 14
        }
    },
    {
        "id": 370,
        "name": "Apple MacBook Pro 16",
        "data": {
            "year": "2019",
            "price": "1849",
            "CPU model": "Intel Core i9",
            "Hard disk size": "1",
            "color": "red",
            "capacity": 2,
            "screen_size": 14
        }
    },
    {
        "id": 371,
        "name": "Lenovo K14",
        "data": {
            "year": "2024",
            "price": "1849.99",
            "CPU model": "Intel Core i9",
            "Hard disk size": "1 TB",
            "color": "Gray",
            "capacity": 2,
            "screen_size": 14
        }
    },
    {
        "id": 361,
        "name": "Laptop Uhuy hapus",
        "data": {
            "year": "2025",
            "price": "2549.99",
            "CPU model": "Intel Core i9",
            "Hard disk size": "1 TB",
            "color": "Black",
            "capacity": 2,
            "screen_size": 16
        }
    },
    {
        "id": 362,
        "name": "Apple MacBook Pro 16",
        "data": {
            "year": "2019",
            "price": "1849.99",
            "CPU model": "Intel Core i9",
            "Hard disk size": "1 TB",
            "color": "red",
            "capacity": 2,
            "screen_size": 14
        }
    },
    {
        "id": 363,
        "name": "Apple MacBook Pro 16",
        "data": {
            "year": "2019",
            "price": "1849.99",
            "CPU model": "Intel Core i9",
            "Hard disk size": "1 TB",
            "color": "red",
            "capacity": 2,
            "screen_size": 14
        }
    },
    {
        "id": 364,
        "name": "Apple MacBook Pro 16",
        "data": {
            "year": "2019",
            "price": "1849",
            "CPU model": "Intel Core i9",
            "Hard disk size": "1 TB",
            "color": "red",
            "capacity": 2,
            "screen_size": 14
        }
    },
    {
        "id": 365,
        "name": "Apple MacBook Pro 16",
        "data": {
            "year": "2019",
            "price": "1849",
            "CPU model": "Intel Core i9",
            "Hard disk size": "1 TB",
            "color": "red",
            "capacity": 2,
            "screen_size": 14
        }
    },
    {
        "id": 366,
        "name": "Apple MacBook Pro 16",
        "data": {
            "year": "2019",
            "price": "1849",
            "CPU model": "Intel Core i9",
            "Hard disk size": "1 TB",
            "color": "red",
            "capacity": 2,
            "screen_size": 14
        }
    },
    {
        "id": 367,
        "name": "Apple MacBook Pro 16",
        "data": {
            "year": "2019",
            "price": "1849",
            "CPU model": "Intel Core i9",
            "Hard disk size": "1",
            "color": "red",
            "capacity": 2,
            "screen_size": 14
        }
    },
    {
        "id": 376,
        "name": "Samsung A53 5G",
        "data": {
            "year": "2022",
            "price": "3000",
            "CPU model": "Exynos",
            "Hard disk size": "256 GB",
            "color": "Black",
            "capacity": 123,
            "screen_size": 5
        }
    },
    {
        "id": 377,
        "name": "Samsung A53 5G",
        "data": {
            "year": "2022",
            "price": "3000",
            "CPU model": "Exynos",
            "Hard disk size": "256 GB",
            "color": "Black",
            "capacity": 123,
            "screen_size": 5
        }
    },
    {
        "id": 378,
        "name": "Samsung A53 5G",
        "data": {
            "year": "2022",
            "price": "3000",
            "CPU model": "Exynos",
            "Hard disk size": "256 GB",
            "color": "Black",
            "capacity": 123,
            "screen_size": 5
        }
    },
    {
        "id": 380,
        "name": "Samsung A53 5G",
        "data": {
            "year": "2022",
            "price": "3000",
            "CPU model": "Exynos",
            "Hard disk size": "256 GB",
            "color": "Black",
            "capacity": 123,
            "screen_size": 5
        }
    },
    {
        "id": 382,
        "name": "Samsung A53 5G",
        "data": {
            "year": "2022",
            "price": "3000",
            "CPU model": "Exynos",
            "Hard disk size": "256 GB",
            "color": "Black",
            "capacity": 123,
            "screen_size": 5
        }
    },
    {
        "id": 384,
        "name": "Samsung A53 5G",
        "data": {
            "year": "2022",
            "price": "3000",
            "CPU model": "Exynos",
            "Hard disk size": "256 GB",
            "color": "Black",
            "capacity": 123,
            "screen_size": 5
        }
    },
    {
        "id": 385,
        "name": "Samsung A53 5G",
        "data": {
            "year": "2022",
            "price": "3000",
            "CPU model": "Exynos",
            "Hard disk size": "256 GB",
            "color": "Black",
            "capacity": 123,
            "screen_size": 5
        }
    },
    {
        "id": 387,
        "name": "Samsung A53 5G",
        "data": {
            "year": "2022",
            "price": "3000",
            "CPU model": "Exynos",
            "Hard disk size": "256 GB",
            "color": "Black",
            "capacity": 123,
            "screen_size": 5
        }
    },
    {
        "id": 388,
        "name": "Samsung A53 5G",
        "data": {
            "year": "2022",
            "price": "3000",
            "CPU model": "Exynos",
            "Hard disk size": "256 GB",
            "color": "Black",
            "capacity": 123,
            "screen_size": 5
        }
    },
    {
        "id": 395,
        "name": "Samsung A53 5G",
        "data": {
            "year": "2022",
            "price": "3000",
            "CPU model": "Exynos",
            "Hard disk size": "256 GB",
            "color": "Black",
            "capacity": 123,
            "screen_size": 5
        }
    },
    {
        "id": 756,
        "name": "Apple MacBook Pro 16 - Alifa Final",
        "data": {
            "year": "2019",
            "price": "1849.99",
            "CPU model": "Intel Core i9",
            "Hard disk size": "1 TB",
            "color": "red",
            "capacity": 2,
            "screen_size": 14
        }
    },
    {
        "id": 403,
        "name": "Apple MacBook Pro 22",
        "data": {
            "year": "2022",
            "price": "2849",
            "CPU model": "M4 Pro",
            "Hard disk size": "2",
            "color": "silver",
            "capacity": 4,
            "screen_size": 16
        }
    },
    {
        "id": 461,
        "name": "Apple MacBook Air M4",
        "data": {
            "year": "2028",
            "price": "1851.77",
            "CPU model": "Intel Core i9",
            "Hard disk size": "3 TB",
            "color": "white",
            "capacity": 3,
            "screen_size": 22
        }
    },
    {
        "id": 409,
        "name": "Apple MacBook Pro 16",
        "data": {
            "year": "2019",
            "price": "1849.99",
            "CPU model": "Intel Core i9",
            "Hard disk size": "1 TB",
            "color": "red",
            "capacity": 2,
            "screen_size": 14
        }
    },
    {
        "id": 412,
        "name": "Laptop_00af9",
        "data": {
            "year": "2025",
            "price": "1999.99",
            "CPU model": "Intel Core i7",
            "Hard disk size": "1 TB",
            "color": "black",
            "capacity": 2,
            "screen_size": 15
        }
    },
    {
        "id": 414,
        "name": "Laptop_1d709",
        "data": {
            "year": "2025",
            "price": "1799.99",
            "CPU model": "Intel Core i7",
            "Hard disk size": "1 TB",
            "color": "silver",
            "capacity": 2,
            "screen_size": 15
        }
    },
    {
        "id": 415,
        "name": "Laptop_b6ada",
        "data": {
            "year": "2025",
            "price": "1799.99",
            "CPU model": "Intel Core i7",
            "Hard disk size": "1 TB",
            "color": "silver",
            "capacity": 2,
            "screen_size": 15
        }
    },
    {
        "id": 416,
        "name": "Laptop_bfb40",
        "data": {
            "year": "2025",
            "price": "1799.99",
            "CPU model": "Intel Core i7",
            "Hard disk size": "1 TB",
            "color": "silver",
            "capacity": 2,
            "screen_size": 15
        }
    },
    {
        "id": 472,
        "name": "Apple MacBook Air M4",
        "data": {
            "year": "2030",
            "price": "1851.77",
            "CPU model": "Intel Core i9",
            "Hard disk size": "3 TB",
            "color": "white",
            "capacity": 3,
            "screen_size": 22
        }
    },
    {
        "id": 462,
        "name": "Apple MacBook Air M4",
        "data": {
            "year": "2028",
            "price": "1851.77",
            "CPU model": "Intel Core i9",
            "Hard disk size": "3 TB",
            "color": "white",
            "capacity": 3,
            "screen_size": 22
        }
    },
    {
        "id": 448,
        "name": "Apple MacBook Pro 16",
        "data": {
            "year": "2017",
            "price": "1845.99",
            "CPU model": "Intel Core i6",
            "Hard disk size": "256 GB",
            "color": "pink",
            "capacity": 2,
            "screen_size": 15
        }
    },
    {
        "id": 450,
        "name": "Tab Galaxy S10",
        "data": {
            "year": "2025",
            "price": "1000",
            "CPU model": "iOS 17",
            "Hard disk size": "1 TB",
            "color": "Black",
            "capacity": 255,
            "screen_size": 7
        }
    },
    {
        "id": 451,
        "name": "Apple MacBook Pro 16",
        "data": {
            "year": "2017",
            "price": "1845.99",
            "CPU model": "Intel Core i6",
            "Hard disk size": "256 GB",
            "color": "pink",
            "capacity": 2,
            "screen_size": 15
        }
    },
    {
        "id": 452,
        "name": "Apple MacBook Pro 16",
        "data": {
            "year": "2017",
            "price": "1845.99",
            "CPU model": "Intel Core i6",
            "Hard disk size": "256 GB",
            "color": "pink",
            "capacity": 2,
            "screen_size": 15
        }
    },
    {
        "id": 424,
        "name": "Apple MacBook Pro 16 Nikko",
        "data": {
            "year": "2019",
            "price": "1849.99",
            "CPU model": "Intel Core i9",
            "Hard disk size": "1 TB",
            "color": "red",
            "capacity": 2,
            "screen_size": 14
        }
    },
    {
        "id": 453,
        "name": "Apple MacBook Pro 16",
        "data": {
            "year": "2017",
            "price": "1845.99",
            "CPU model": "Intel Core i6",
            "Hard disk size": "256 GB",
            "color": "pink",
            "capacity": 2,
            "screen_size": 15
        }
    },
    {
        "id": 454,
        "name": "Tab Galaxy S10",
        "data": {
            "year": "2025",
            "price": "1000",
            "CPU model": "iOS 17",
            "Hard disk size": "1 TB",
            "color": "Black",
            "capacity": 255,
            "screen_size": 7
        }
    },
    {
        "id": 426,
        "name": "Apple MacBook Pro 16",
        "data": {
            "year": "2019",
            "price": "1849.99",
            "CPU model": "Intel Core i9",
            "Hard disk size": "1 TB",
            "color": "red",
            "capacity": 2,
            "screen_size": 14
        }
    },
    {
        "id": 427,
        "name": "Apple MacBook Pro 16",
        "data": {
            "year": "2020",
            "price": "1845.99",
            "CPU model": "Intel Core i8",
            "Hard disk size": "1 TB",
            "color": "red",
            "capacity": 2,
            "screen_size": 16
        }
    },
    {
        "id": 428,
        "name": "Apple MacBook Pro 16",
        "data": {
            "year": "2020",
            "price": "1845.99",
            "CPU model": "Intel Core i8",
            "Hard disk size": "1 TB",
            "color": "red",
            "capacity": 2,
            "screen_size": 16
        }
    },
    {
        "id": 429,
        "name": "Asus tuf Gaming",
        "data": {
            "year": "2019",
            "price": "1849.99",
            "CPU model": "Intel Core i7",
            "Hard disk size": "2 TB",
            "color": "black",
            "capacity": 2,
            "screen_size": 15.6
        }
    },
    {
        "id": 430,
        "name": "Apple MacBook Pro 16",
        "data": {
            "year": "2020",
            "price": "1845.99",
            "CPU model": "Intel Core i8",
            "Hard disk size": "1 TB",
            "color": "red",
            "capacity": 2,
            "screen_size": 16
        }
    },
    {
        "id": 431,
        "name": "Apple MacBook Pro 16",
        "data": {
            "year": "2019",
            "price": "1849.99",
            "CPU model": "Intel Core i9",
            "Hard disk size": "1 TB",
            "color": "red",
            "capacity": 2,
            "screen_size": 14
        }
    },
    {
        "id": 432,
        "name": "Apple MacBook Pro 16",
        "data": {
            "year": "2020",
            "price": "1845.99",
            "CPU model": "Intel Core i8",
            "Hard disk size": "1 TB",
            "color": "red",
            "capacity": 2,
            "screen_size": 16
        }
    },
    {
        "id": 433,
        "name": "Apple MacBook Pro 16",
        "data": {
            "year": "2020",
            "price": "1845.99",
            "CPU model": "Intel Core i8",
            "Hard disk size": "1 TB",
            "color": "red",
            "capacity": 2,
            "screen_size": 16
        }
    },
    {
        "id": 434,
        "name": "Apple MacBook Pro 16",
        "data": {
            "year": "2020",
            "price": "1845.99",
            "CPU model": "Intel Core i8",
            "Hard disk size": "1 TB",
            "color": "red",
            "capacity": 2,
            "screen_size": 16
        }
    },
    {
        "id": 435,
        "name": "Apple MacBook Pro 16",
        "data": {
            "year": "2020",
            "price": "1845.99",
            "CPU model": "Intel Core i8",
            "Hard disk size": "1 TB",
            "color": "red",
            "capacity": 2,
            "screen_size": 16
        }
    },
    {
        "id": 436,
        "name": "Apple MacBook Pro 14",
        "data": {
            "year": "2021",
            "price": "1851.77",
            "CPU model": "Intel Core i6",
            "Hard disk size": "2 TB",
            "color": "grey",
            "capacity": 3,
            "screen_size": 15
        }
    },
    {
        "id": 437,
        "name": "Apple MacBook Air M1",
        "data": {
            "year": "2030",
            "price": "1851.77",
            "CPU model": "Intel Core i6",
            "Hard disk size": "2 TB",
            "color": "grey",
            "capacity": 3,
            "screen_size": 15
        }
    },
    {
        "id": 463,
        "name": "Samsung A53 5G",
        "data": {
            "year": "2022",
            "price": "3000",
            "CPU model": "Exynos",
            "Hard disk size": "256 GB",
            "color": "Black",
            "capacity": 123,
            "screen_size": 5
        }
    },
    {
        "id": 438,
        "name": "Apple MacBook Air M1",
        "data": {
            "year": "2030",
            "price": "1851.77",
            "CPU model": "Intel Core i6",
            "Hard disk size": "2 TB",
            "color": "grey",
            "capacity": 3,
            "screen_size": 15
        }
    },
    {
        "id": 440,
        "name": "Apple MacBook Pro 16",
        "data": {
            "year": "2019",
            "price": "1849.99",
            "CPU model": "Intel Core i9",
            "Hard disk size": "1 TB",
            "color": "red",
            "capacity": 2,
            "screen_size": 14
        }
    },
    {
        "id": 441,
        "name": "Apple MacBook Pro 16",
        "data": {
            "year": "2020",
            "price": "1845.99",
            "CPU model": "Intel Core i8",
            "Hard disk size": "1 TB",
            "color": "red",
            "capacity": 2,
            "screen_size": 16
        }
    },
    {
        "id": 442,
        "name": "Apple MacBook Pro 16",
        "data": {
            "year": "2020",
            "price": "1845.99",
            "CPU model": "Intel Core i8",
            "Hard disk size": "1 TB",
            "color": "red",
            "capacity": 2,
            "screen_size": 16
        }
    },
    {
        "id": 443,
        "name": "Apple MacBook Pro 16",
        "data": {
            "year": "2020",
            "price": "1845.99",
            "CPU model": "Intel Core i8",
            "Hard disk size": "1 TB",
            "color": "red",
            "capacity": 2,
            "screen_size": 16
        }
    },
    {
        "id": 444,
        "name": "Apple MacBook Pro 16",
        "data": {
            "year": "2020",
            "price": "1845.99",
            "CPU model": "Intel Core i8",
            "Hard disk size": "1 TB",
            "color": "red",
            "capacity": 2,
            "screen_size": 16
        }
    },
    {
        "id": 455,
        "name": "Apple MacBook Air M4",
        "data": {
            "year": "2028",
            "price": "1851.77",
            "CPU model": "Intel Core i9",
            "Hard disk size": "3 TB",
            "color": "white",
            "capacity": 3,
            "screen_size": 22
        }
    },
    {
        "id": 464,
        "name": "Samsung A53 5G",
        "data": {
            "year": "2022",
            "price": "3000",
            "CPU model": "Exynos",
            "Hard disk size": "256 GB",
            "color": "Black",
            "capacity": 123,
            "screen_size": 5
        }
    },
    {
        "id": 456,
        "name": "Apple MacBook Air M4",
        "data": {
            "year": "2028",
            "price": "1851.77",
            "CPU model": "Intel Core i9",
            "Hard disk size": "3 TB",
            "color": "white",
            "capacity": 3,
            "screen_size": 22
        }
    },
    {
        "id": 473,
        "name": "Samsung A53 5G",
        "data": {
            "year": "2022",
            "price": "3000",
            "CPU model": "Exynos",
            "Hard disk size": "256 GB",
            "color": "Black",
            "capacity": 123,
            "screen_size": 5
        }
    },
    {
        "id": 457,
        "name": "Apple MacBook Air M4",
        "data": {
            "year": "2028",
            "price": "1851.77",
            "CPU model": "Intel Core i9",
            "Hard disk size": "3 TB",
            "color": "white",
            "capacity": 3,
            "screen_size": 22
        }
    },
    {
        "id": 465,
        "name": "Apple MacBook Air M4",
        "data": {
            "year": "2028",
            "price": "1851.77",
            "CPU model": "Intel Core i9",
            "Hard disk size": "3 TB",
            "color": "white",
            "capacity": 3,
            "screen_size": 22
        }
    },
    {
        "id": 458,
        "name": "Apple MacBook Air M4",
        "data": {
            "year": "2028",
            "price": "1851.77",
            "CPU model": "Intel Core i9",
            "Hard disk size": "3 TB",
            "color": "white",
            "capacity": 3,
            "screen_size": 22
        }
    },
    {
        "id": 466,
        "name": "Samsung A53 5G",
        "data": {
            "year": "2022",
            "price": "3000",
            "CPU model": "Exynos",
            "Hard disk size": "256 GB",
            "color": "Black",
            "capacity": 123,
            "screen_size": 5
        }
    },
    {
        "id": 459,
        "name": "Apple MacBook Air M4",
        "data": {
            "year": "2028",
            "price": "1851.77",
            "CPU model": "Intel Core i9",
            "Hard disk size": "3 TB",
            "color": "white",
            "capacity": 3,
            "screen_size": 22
        }
    },
    {
        "id": 467,
        "name": "Samsung A53 5G",
        "data": {
            "year": "2022",
            "price": "3000",
            "CPU model": "Exynos",
            "Hard disk size": "256 GB",
            "color": "Black",
            "capacity": 123,
            "screen_size": 5
        }
    },
    {
        "id": 460,
        "name": "Apple MacBook Air M4",
        "data": {
            "year": "2028",
            "price": "1851.77",
            "CPU model": "Intel Core i9",
            "Hard disk size": "3 TB",
            "color": "white",
            "capacity": 3,
            "screen_size": 22
        }
    },
    {
        "id": 469,
        "name": "Apple MacBook Air M4",
        "data": {
            "year": "2030",
            "price": "1851.77",
            "CPU model": "Intel Core i9",
            "Hard disk size": "3 TB",
            "color": "white",
            "capacity": 3,
            "screen_size": 22
        }
    },
    {
        "id": 470,
        "name": "Samsung A53 5G",
        "data": {
            "year": "2022",
            "price": "3000",
            "CPU model": "Exynos",
            "Hard disk size": "256 GB",
            "color": "Black",
            "capacity": 123,
            "screen_size": 5
        }
    },
    {
        "id": 471,
        "name": "Apple MacBook Air M4",
        "data": {
            "year": "2030",
            "price": "1851.77",
            "CPU model": "Intel Core i9",
            "Hard disk size": "3 TB",
            "color": "white",
            "capacity": 3,
            "screen_size": 22
        }
    },
    {
        "id": 480,
        "name": "Asus Tuf Gaming",
        "data": {
            "year": "2020",
            "price": "1500",
            "CPU model": "i9",
            "Hard disk size": "2TB",
            "color": "Black",
            "capacity": 4,
            "screen_size": 16
        }
    },
    {
        "id": 476,
        "name": "Samsung A53 5G",
        "data": {
            "year": "2022",
            "price": "3000",
            "CPU model": "Exynos",
            "Hard disk size": "256 GB",
            "color": "Black",
            "capacity": 123,
            "screen_size": 5
        }
    },
    {
        "id": 485,
        "name": "Asus Tuf Gaming",
        "data": {
            "year": "2020",
            "price": "1500",
            "CPU model": "i9",
            "Hard disk size": "2TB",
            "color": "Black",
            "capacity": 4,
            "screen_size": 16
        }
    },
    {
        "id": 491,
        "name": "Apple MacBook Pro 16",
        "data": {
            "year": "2019",
            "price": "1849.99",
            "CPU model": "Intel Core i9",
            "Hard disk size": "1 TB",
            "color": "red",
            "capacity": 2,
            "screen_size": 14
        }
    },
    {
        "id": 492,
        "name": "Apple MacBook Pro 16",
        "data": {
            "year": "2019",
            "price": "1849.99",
            "CPU model": "Intel Core i9",
            "Hard disk size": "1 TB",
            "color": "red",
            "capacity": 2,
            "screen_size": 14
        }
    },
    {
        "id": 487,
        "name": "Asus Tuf Gaming",
        "data": {
            "year": "2020",
            "price": "1500",
            "CPU model": "i9",
            "Hard disk size": "2TB",
            "color": "Black",
            "capacity": 4,
            "screen_size": 16
        }
    },
    {
        "id": 493,
        "name": "Apple MacBook Pro 16",
        "data": {
            "year": "2019",
            "price": "1849.99",
            "CPU model": "Intel Core i9",
            "Hard disk size": "1 TB",
            "color": "red",
            "capacity": 2,
            "screen_size": 14
        }
    },
    {
        "id": 494,
        "name": "Apple MacBook Pro 16",
        "data": {
            "year": "2019",
            "price": "1849.99",
            "CPU model": "Intel Core i9",
            "Hard disk size": "1 TB",
            "color": "red",
            "capacity": 2,
            "screen_size": 14
        }
    },
    {
        "id": 489,
        "name": "Asus tuf Gaming",
        "data": {
            "year": "2019",
            "price": "1849.99",
            "CPU model": "Intel Core i7",
            "Hard disk size": "2 TB",
            "color": "black",
            "capacity": 2,
            "screen_size": 15.6
        }
    },
    {
        "id": 495,
        "name": "Ipad Winda",
        "data": {
            "year": "2022",
            "price": "599",
            "CPU model": "Chipset A13",
            "Hard disk size": "64GB",
            "color": "Silver",
            "capacity": 1,
            "screen_size": 10.9
        }
    },
    {
        "id": 497,
        "name": "Ipad Winda",
        "data": {
            "year": "2022",
            "price": "599",
            "CPU model": "Chipset A13",
            "Hard disk size": "64GB",
            "color": "Silver",
            "capacity": 1,
            "screen_size": 10.9
        }
    },
    {
        "id": 498,
        "name": "Ipad Winda",
        "data": {
            "year": "2022",
            "price": "599",
            "CPU model": "Chipset A13",
            "Hard disk size": "64GB",
            "color": "Silver",
            "capacity": 1,
            "screen_size": 10.9
        }
    },
    {
        "id": 499,
        "name": "Ipad Winda",
        "data": {
            "year": "2022",
            "price": "599",
            "CPU model": "Chipset A13",
            "Hard disk size": "64GB",
            "color": "Silver",
            "capacity": 1,
            "screen_size": 10.9
        }
    },
    {
        "id": 501,
        "name": "Ipad Winda",
        "data": {
            "year": "2022",
            "price": "599",
            "CPU model": "Chipset A13",
            "Hard disk size": "64GB",
            "color": "Silver",
            "capacity": 1,
            "screen_size": 10.9
        }
    },
    {
        "id": 502,
        "name": "Lenovo K14",
        "data": {
            "year": "2024",
            "price": "1849.99",
            "CPU model": "Intel Core i9",
            "Hard disk size": "1 TB",
            "color": "black",
            "capacity": 2,
            "screen_size": 14
        }
    },
    {
        "id": 503,
        "name": "Lenovo K14",
        "data": {
            "year": "2024",
            "price": "1849.99",
            "CPU model": "Intel Core i9",
            "Hard disk size": "1 TB",
            "color": "black",
            "capacity": 2,
            "screen_size": 14
        }
    },
    {
        "id": 504,
        "name": "Lenovo K14",
        "data": {
            "year": "2024",
            "price": "1849.99",
            "CPU model": "Intel Core i9",
            "Hard disk size": "1 TB",
            "color": "black",
            "capacity": 2,
            "screen_size": 14
        }
    },
    {
        "id": 505,
        "name": "Lenovo K14",
        "data": {
            "year": "2024",
            "price": "1849.99",
            "CPU model": "Intel Core i9",
            "Hard disk size": "1 TB",
            "color": "black",
            "capacity": 2,
            "screen_size": 14
        }
    },
    {
        "id": 506,
        "name": "Lenovo K14",
        "data": {
            "year": "2024",
            "price": "1849.99",
            "CPU model": "Intel Core i9",
            "Hard disk size": "1 TB",
            "color": "black",
            "capacity": 2,
            "screen_size": 14
        }
    },
    {
        "id": 507,
        "name": "Ipad Winda",
        "data": {
            "year": "2022",
            "price": "599",
            "CPU model": "Chipset A13",
            "Hard disk size": "64GB",
            "color": "Silver",
            "capacity": 1,
            "screen_size": 10.9
        }
    },
    {
        "id": 508,
        "name": "Ipad Winda",
        "data": {
            "year": "2022",
            "price": "599",
            "CPU model": "Chipset A13",
            "Hard disk size": "64GB",
            "color": "Silver",
            "capacity": 1,
            "screen_size": 10.9
        }
    },
    {
        "id": 509,
        "name": "Ipad Winda",
        "data": {
            "year": "2022",
            "price": "599",
            "CPU model": "Chipset A13",
            "Hard disk size": "64GB",
            "color": "Silver",
            "capacity": 1,
            "screen_size": 10.9
        }
    },
    {
        "id": 510,
        "name": "Ipad Winda",
        "data": {
            "year": "2022",
            "price": "599",
            "CPU model": "Chipset A13",
            "Hard disk size": "64GB",
            "color": "Silver",
            "capacity": 1,
            "screen_size": 10.9
        }
    },
    {
        "id": 511,
        "name": "Lenovo K14",
        "data": {
            "year": "2024",
            "price": "1849.99",
            "CPU model": "Intel Core i9",
            "Hard disk size": "1 TB",
            "color": "black",
            "capacity": 2,
            "screen_size": 14
        }
    },
    {
        "id": 512,
        "name": "Ipad Winda",
        "data": {
            "year": "2022",
            "price": "599",
            "CPU model": "Chipset A13",
            "Hard disk size": "64GB",
            "color": "Silver",
            "capacity": 1,
            "screen_size": 10.9
        }
    },
    {
        "id": 513,
        "name": "Lenovo K14",
        "data": {
            "year": "2024",
            "price": "1849.99",
            "CPU model": "Intel Core i9",
            "Hard disk size": "1 TB",
            "color": "black",
            "capacity": 2,
            "screen_size": 14
        }
    },
    {
        "id": 514,
        "name": "Lenovo K14",
        "data": {
            "year": "2024",
            "price": "1849.99",
            "CPU model": "Intel Core i9",
            "Hard disk size": "1 TB",
            "color": "black",
            "capacity": 2,
            "screen_size": 14
        }
    },
    {
        "id": 515,
        "name": "Lenovo K14",
        "data": {
            "year": "2024",
            "price": "1849.99",
            "CPU model": "Intel Core i9",
            "Hard disk size": "1 TB",
            "color": "black",
            "capacity": 2,
            "screen_size": 14
        }
    },
    {
        "id": 516,
        "name": "Lenovo K14",
        "data": {
            "year": "2024",
            "price": "1849.99",
            "CPU model": "Intel Core i9",
            "Hard disk size": "1 TB",
            "color": "black",
            "capacity": 2,
            "screen_size": 14
        }
    },
    {
        "id": 517,
        "name": "Ipad Winda Updated",
        "data": {
            "year": "2022",
            "price": "599",
            "CPU model": "Chipset A13",
            "Hard disk size": "64GB",
            "color": "Silver",
            "capacity": 1,
            "screen_size": 10.9
        }
    },
    {
        "id": 995,
        "name": "Samsung Flip 17",
        "data": {
            "year": "2029",
            "price": "20987.72",
            "CPU model": "Exynos",
            "Hard disk size": "2 GB",
            "color": "Purple",
            "capacity": 120,
            "screen_size": 7.6
        }
    },
    {
        "id": 546,
        "name": "Apple MacBook Pro 16",
        "data": {
            "year": "2019",
            "price": "1849.99",
            "CPU model": "Intel Core i9",
            "Hard disk size": "1 TB",
            "color": "red",
            "capacity": 2,
            "screen_size": 14
        }
    },
    {
        "id": 519,
        "name": "Lenovo K14",
        "data": {
            "year": "2024",
            "price": "1849.99",
            "CPU model": "Intel Core i9",
            "Hard disk size": "1 TB",
            "color": "black",
            "capacity": 2,
            "screen_size": 14
        }
    },
    {
        "id": 547,
        "name": "Apple MacBook Pro 16",
        "data": {
            "year": "2019",
            "price": "1849.99",
            "CPU model": "Intel Core i9",
            "Hard disk size": "1 TB",
            "color": "red",
            "capacity": 2,
            "screen_size": 14
        }
    },
    {
        "id": 522,
        "name": "Lenovo K14",
        "data": {
            "year": "2024",
            "price": "1849.99",
            "CPU model": "Intel Core i9",
            "Hard disk size": "1 TB",
            "color": "black",
            "capacity": 2,
            "screen_size": 14
        }
    },
    {
        "id": 523,
        "name": "Lenovo K14",
        "data": {
            "year": "2024",
            "price": "1849.99",
            "CPU model": "Intel Core i9",
            "Hard disk size": "1 TB",
            "color": "black",
            "capacity": 2,
            "screen_size": 14
        }
    },
    {
        "id": 524,
        "name": "Lenovo K14",
        "data": {
            "year": "2024",
            "price": "1849.99",
            "CPU model": "Intel Core i9",
            "Hard disk size": "1 TB",
            "color": "black",
            "capacity": 2,
            "screen_size": 14
        }
    },
    {
        "id": 525,
        "name": "Lenovo K14",
        "data": {
            "year": "2024",
            "price": "1849.99",
            "CPU model": "Intel Core i9",
            "Hard disk size": "1 TB",
            "color": "black",
            "capacity": 2,
            "screen_size": 14
        }
    },
    {
        "id": 526,
        "name": "Lenovo K14",
        "data": {
            "year": "2024",
            "price": "1849.99",
            "CPU model": "Intel Core i9",
            "Hard disk size": "1 TB",
            "color": "black",
            "capacity": 2,
            "screen_size": 14
        }
    },
    {
        "id": 771,
        "name": "Lenovo Yoga",
        "data": {
            "year": "2025",
            "price": "1999.99",
            "CPU model": "Intel Core i8",
            "Hard disk size": "2 TB",
            "color": "gray",
            "capacity": 4,
            "screen_size": 12
        }
    },
    {
        "id": 527,
        "name": "Lenovo Yoga",
        "data": {
            "year": "2025",
            "price": "1999.99",
            "CPU model": "Intel Core i8",
            "Hard disk size": "2 TB",
            "color": "gray",
            "capacity": 4,
            "screen_size": 12
        }
    },
    {
        "id": 528,
        "name": "Lenovo Yoga",
        "data": {
            "year": "2025",
            "price": "1999.99",
            "CPU model": "Intel Core i8",
            "Hard disk size": "2 TB",
            "color": "gray",
            "capacity": 4,
            "screen_size": 12
        }
    },
    {
        "id": 529,
        "name": "Lenovo Yoga",
        "data": {
            "year": "2025",
            "price": "1999.99",
            "CPU model": "Intel Core i8",
            "Hard disk size": "2 TB",
            "color": "gray",
            "capacity": 4,
            "screen_size": 12
        }
    },
    {
        "id": 530,
        "name": "Lenovo Yoga",
        "data": {
            "year": "2025",
            "price": "1999.99",
            "CPU model": "Intel Core i8",
            "Hard disk size": "2 TB",
            "color": "gray",
            "capacity": 4,
            "screen_size": 12
        }
    },
    {
        "id": 531,
        "name": "Lenovo Yoga",
        "data": {
            "year": "2025",
            "price": "1999.99",
            "CPU model": "Intel Core i8",
            "Hard disk size": "2 TB",
            "color": "gray",
            "capacity": 4,
            "screen_size": 12
        }
    },
    {
        "id": 532,
        "name": "Lenovo Yoga",
        "data": {
            "year": "2025",
            "price": "1999.99",
            "CPU model": "Intel Core i8",
            "Hard disk size": "2 TB",
            "color": "gray",
            "capacity": 4,
            "screen_size": 12
        }
    },
    {
        "id": 520,
        "name": "Lenovo K14-ABCD",
        "data": {
            "year": "2030",
            "price": "1849.99",
            "CPU model": "Intel Core i9",
            "Hard disk size": "1 TB",
            "color": "black",
            "capacity": 2,
            "screen_size": 14
        }
    },
    {
        "id": 549,
        "name": "Lenovo ThinkBook 7i",
        "data": {
            "year": "2023",
            "price": "1849.99",
            "CPU model": "Intel Core i7",
            "Hard disk size": "1 TB",
            "color": "silver",
            "capacity": 2,
            "screen_size": 14
        }
    },
    {
        "id": 533,
        "name": "Lenovo Ideapad",
        "data": {
            "year": "2027",
            "price": "1999.99",
            "CPU model": "Intel Core i8",
            "Hard disk size": "2 TB",
            "color": "white",
            "capacity": 4,
            "screen_size": 12
        }
    },
    {
        "id": 767,
        "name": "Lenovo Yoga",
        "data": {
            "year": "2025",
            "price": "1999.99",
            "CPU model": "Intel Core i8",
            "Hard disk size": "2 TB",
            "color": "gray",
            "capacity": 4,
            "screen_size": 12
        }
    },
    {
        "id": 534,
        "name": "Lenovo Ideapad",
        "data": {
            "year": "2027",
            "price": "1999.99",
            "CPU model": "Intel Core i8",
            "Hard disk size": "2 TB",
            "color": "white",
            "capacity": 4,
            "screen_size": 12
        }
    },
    {
        "id": 550,
        "name": "Lenovo ThinkBook 7i",
        "data": {
            "year": "2023",
            "price": "1849.99",
            "CPU model": "Intel Core i7",
            "Hard disk size": "1 TB",
            "color": "silver",
            "capacity": 2,
            "screen_size": 14
        }
    },
    {
        "id": 551,
        "name": "Lenovo ThinkBook 7i",
        "data": {
            "year": "2023",
            "price": "1849.99",
            "CPU model": "Intel Core i7",
            "Hard disk size": "1 TB",
            "color": "silver",
            "capacity": 2,
            "screen_size": 14
        }
    },
    {
        "id": 544,
        "name": "Apple MacBook Pro 1611-albert12",
        "data": {
            "year": "2030",
            "price": "1849.99",
            "CPU model": "Intel Core i9",
            "Hard disk size": "1 TB",
            "color": "red",
            "capacity": 2,
            "screen_size": 14
        }
    },
    {
        "id": 552,
        "name": "Lenovo ThinkBook 7i",
        "data": {
            "year": "2023",
            "price": "1849.99",
            "CPU model": "Intel Core i7",
            "Hard disk size": "1 TB",
            "color": "silver",
            "capacity": 2,
            "screen_size": 14
        }
    },
    {
        "id": 537,
        "name": "Apple MacBook Pro 16",
        "data": {
            "year": "2019",
            "price": "1849.99",
            "CPU model": "Intel Core i9",
            "Hard disk size": "1 TB",
            "color": "red",
            "capacity": 2,
            "screen_size": 14
        }
    },
    {
        "id": 538,
        "name": "Apple MacBook Pro 16",
        "data": {
            "year": "2019",
            "price": "1849.99",
            "CPU model": "Intel Core i9",
            "Hard disk size": "1 TB",
            "color": "red",
            "capacity": 2,
            "screen_size": 14
        }
    },
    {
        "id": 539,
        "name": "Apple MacBook Pro 16",
        "data": {
            "year": "2019",
            "price": "1849.99",
            "CPU model": "Intel Core i9",
            "Hard disk size": "1 TB",
            "color": "red",
            "capacity": 2,
            "screen_size": 14
        }
    },
    {
        "id": 540,
        "name": "Apple MacBook Pro 16",
        "data": {
            "year": "2019",
            "price": "1849.99",
            "CPU model": "Intel Core i9",
            "Hard disk size": "1 TB",
            "color": "red",
            "capacity": 2,
            "screen_size": 14
        }
    },
    {
        "id": 541,
        "name": "Apple MacBook Pro 16",
        "data": {
            "year": "2019",
            "price": "1849.99",
            "CPU model": "Intel Core i9",
            "Hard disk size": "1 TB",
            "color": "red",
            "capacity": 2,
            "screen_size": 14
        }
    },
    {
        "id": 542,
        "name": "Apple MacBook Pro 16",
        "data": {
            "year": "2019",
            "price": "1849.99",
            "CPU model": "Intel Core i9",
            "Hard disk size": "1 TB",
            "color": "red",
            "capacity": 2,
            "screen_size": 14
        }
    },
    {
        "id": 543,
        "name": "Apple MacBook Pro 16",
        "data": {
            "year": "2019",
            "price": "1849.99",
            "CPU model": "Intel Core i9",
            "Hard disk size": "1 TB",
            "color": "red",
            "capacity": 2,
            "screen_size": 14
        }
    },
    {
        "id": 545,
        "name": "Apple MacBook Pro 16",
        "data": {
            "year": "2019",
            "price": "1849.99",
            "CPU model": "Intel Core i9",
            "Hard disk size": "1 TB",
            "color": "red",
            "capacity": 2,
            "screen_size": 14
        }
    },
    {
        "id": 553,
        "name": "Lenovo ThinkBook 7i",
        "data": {
            "year": "2023",
            "price": "1849.99",
            "CPU model": "Intel Core i7",
            "Hard disk size": "1 TB",
            "color": "silver",
            "capacity": 2,
            "screen_size": 14
        }
    },
    {
        "id": 554,
        "name": "Lenovo ThinkBook 7i",
        "data": {
            "year": "2023",
            "price": "1849.99",
            "CPU model": "Intel Core i7",
            "Hard disk size": "1 TB",
            "color": "silver",
            "capacity": 2,
            "screen_size": 14
        }
    },
    {
        "id": 555,
        "name": "Lenovo ThinkBook 7i",
        "data": {
            "year": "2023",
            "price": "1849.99",
            "CPU model": "Intel Core i7",
            "Hard disk size": "1 TB",
            "color": "silver",
            "capacity": 2,
            "screen_size": 14
        }
    },
    {
        "id": 556,
        "name": "Lenovo ThinkBook 7i",
        "data": {
            "year": "2023",
            "price": "1849.99",
            "CPU model": "Intel Core i7",
            "Hard disk size": "1 TB",
            "color": "silver",
            "capacity": 2,
            "screen_size": 14
        }
    },
    {
        "id": 558,
        "name": "Lenovo ThinkBook 7i",
        "data": {
            "year": "2023",
            "price": "1849.99",
            "CPU model": "Intel Core i7",
            "Hard disk size": "1 TB",
            "color": "silver",
            "capacity": 2,
            "screen_size": 14
        }
    },
    {
        "id": 560,
        "name": "Lenovo ThinkBook 7i",
        "data": {
            "year": "2023",
            "price": "1849.99",
            "CPU model": "Intel Core i7",
            "Hard disk size": "1 TB",
            "color": "silver",
            "capacity": 2,
            "screen_size": 14
        }
    },
    {
        "id": 779,
        "name": "Ipad Winda",
        "data": {
            "year": "2022",
            "price": "599",
            "CPU model": "Chipset A13",
            "Hard disk size": "64GB",
            "color": "Silver",
            "capacity": 1,
            "screen_size": 10.9
        }
    },
    {
        "id": 775,
        "name": "Lenovo Ideapad",
        "data": {
            "year": "2025",
            "price": "1999.99",
            "CPU model": "Intel Core i8",
            "Hard disk size": "2 TB",
            "color": "gray",
            "capacity": 4,
            "screen_size": 12
        }
    },
    {
        "id": 783,
        "name": "Macbook Blue",
        "data": {
            "year": "2025",
            "price": "2499.99",
            "CPU model": "M3 Max",
            "Hard disk size": "2 TB",
            "color": "blue",
            "capacity": 4,
            "screen_size": 16
        }
    },
    {
        "id": 784,
        "name": "Macbook Red",
        "data": {
            "year": "2024",
            "price": "1999.99",
            "CPU model": "M3 Pro",
            "Hard disk size": "1 TB",
            "color": "red",
            "capacity": 2,
            "screen_size": 14
        }
    },
    {
        "id": 788,
        "name": "iPhone 14 Pro Max",
        "data": {
            "year": "2022",
            "price": "1600",
            "CPU model": "A16 Bionic",
            "Hard disk size": "256 GB",
            "color": "Deep Purple",
            "capacity": 4323,
            "screen_size": 6.7
        }
    },
    {
        "id": 564,
        "name": "Lenovo K14",
        "data": {
            "year": "2024",
            "price": "1849.99",
            "CPU model": "Intel Core i9",
            "Hard disk size": "1 TB",
            "color": "Gray",
            "capacity": 2,
            "screen_size": 14
        }
    },
    {
        "id": 792,
        "name": "Lenovo Thinkpad T14",
        "data": {
            "year": "2025",
            "price": "2249.99",
            "CPU model": "Intel vPRO Enterprise",
            "Hard disk size": "1 TB",
            "color": "black",
            "capacity": 4,
            "screen_size": 14
        }
    },
    {
        "id": 567,
        "name": "Apple MacBook Pro 14",
        "data": {
            "year": "2032",
            "price": "1849.99",
            "CPU model": "Intel Core i9",
            "Hard disk size": "1 TB",
            "color": "red",
            "capacity": 2,
            "screen_size": 14
        }
    },
    {
        "id": 568,
        "name": "Apple MacBook Pro 16",
        "data": {
            "year": "2030",
            "price": "1849.99",
            "CPU model": "Intel Core i9",
            "Hard disk size": "1 TB",
            "color": "red",
            "capacity": 2,
            "screen_size": 14
        }
    },
    {
        "id": 569,
        "name": "Apple MacBook Pro 16",
        "data": {
            "year": "2030",
            "price": "1849.99",
            "CPU model": "Intel Core i9",
            "Hard disk size": "1 TB",
            "color": "red",
            "capacity": 2,
            "screen_size": 14
        }
    },
    {
        "id": 795,
        "name": "Lenovo Ideapad",
        "data": {
            "year": "2025",
            "price": "1999.99",
            "CPU model": "Intel Core i8",
            "Hard disk size": "2 TB",
            "color": "gray",
            "capacity": 4,
            "screen_size": 12
        }
    },
    {
        "id": 566,
        "name": "Apple MacBook Pro 18",
        "data": {
            "year": "2035",
            "price": "1855.88",
            "CPU model": "Intel Core i10",
            "Hard disk size": "2 TB",
            "color": "red",
            "capacity": 3,
            "screen_size": 24
        }
    },
    {
        "id": 574,
        "name": "Apple MacBook Pro 16",
        "data": {
            "year": "2030",
            "price": "1849.99",
            "CPU model": "Intel Core i9",
            "Hard disk size": "1 TB",
            "color": "red",
            "capacity": 2,
            "screen_size": 14
        }
    },
    {
        "id": 576,
        "name": "Apple MacBook Pro 16",
        "data": {
            "year": "2030",
            "price": "1849.99",
            "CPU model": "Intel Core i9",
            "Hard disk size": "1 TB",
            "color": "red",
            "capacity": 2,
            "screen_size": 14
        }
    },
    {
        "id": 623,
        "name": "Apple MacBook Pro 22",
        "data": {
            "year": "2022",
            "price": "2849",
            "CPU model": "M4 Pro",
            "Hard disk size": "2",
            "color": "silver",
            "capacity": 4,
            "screen_size": 16
        }
    },
    {
        "id": 624,
        "name": "Apple MacBook Pro 16 Diana Punya",
        "data": {
            "year": "2025",
            "price": "1849.99",
            "CPU model": "Intel Core i9",
            "Hard disk size": "1 TB",
            "color": "red",
            "capacity": 2,
            "screen_size": 14
        }
    },
    {
        "id": 578,
        "name": "Apple MacBook Pro 16",
        "data": {
            "year": "2030",
            "price": "1849.99",
            "CPU model": "Intel Core i9",
            "Hard disk size": "1 TB",
            "color": "red",
            "capacity": 2,
            "screen_size": 14
        }
    },
    {
        "id": 579,
        "name": "Apple MacBook Pro 16",
        "data": {
            "year": "2030",
            "price": "1849.99",
            "CPU model": "Intel Core i9",
            "Hard disk size": "1 TB",
            "color": "red",
            "capacity": 2,
            "screen_size": 14
        }
    },
    {
        "id": 580,
        "name": "Apple MacBook Pro 16",
        "data": {
            "year": "2030",
            "price": "1849.99",
            "CPU model": "Intel Core i9",
            "Hard disk size": "1 TB",
            "color": "red",
            "capacity": 2,
            "screen_size": 14
        }
    },
    {
        "id": 581,
        "name": "Apple MacBook Pro 16",
        "data": {
            "year": "2030",
            "price": "1849.99",
            "CPU model": "Intel Core i9",
            "Hard disk size": "1 TB",
            "color": "red",
            "capacity": 2,
            "screen_size": 14
        }
    },
    {
        "id": 582,
        "name": "Apple MacBook Pro 16",
        "data": {
            "year": "2030",
            "price": "1849.99",
            "CPU model": "Intel Core i9",
            "Hard disk size": "1 TB",
            "color": "red",
            "capacity": 2,
            "screen_size": 14
        }
    },
    {
        "id": 583,
        "name": "Apple MacBook Pro 16",
        "data": {
            "year": "2030",
            "price": "1849.99",
            "CPU model": "Intel Core i9",
            "Hard disk size": "1 TB",
            "color": "red",
            "capacity": 2,
            "screen_size": 14
        }
    },
    {
        "id": 584,
        "name": "Apple MacBook Pro 16 Diana Punya",
        "data": {
            "year": "2025",
            "price": "1849.99",
            "CPU model": "Intel Core i9",
            "Hard disk size": "1 TB",
            "color": "red",
            "capacity": 2,
            "screen_size": 14
        }
    },
    {
        "id": 585,
        "name": "Apple MacBook Pro 16",
        "data": {
            "year": "2030",
            "price": "1849.99",
            "CPU model": "Intel Core i9",
            "Hard disk size": "1 TB",
            "color": "red",
            "capacity": 2,
            "screen_size": 14
        }
    },
    {
        "id": 586,
        "name": "Apple MacBook Pro 16 Diana Punya",
        "data": {
            "year": "2025",
            "price": "1849.99",
            "CPU model": "Intel Core i9",
            "Hard disk size": "1 TB",
            "color": "red",
            "capacity": 2,
            "screen_size": 14
        }
    },
    {
        "id": 587,
        "name": "Apple MacBook Pro 16",
        "data": {
            "year": "2030",
            "price": "1849.99",
            "CPU model": "Intel Core i9",
            "Hard disk size": "1 TB",
            "color": "red",
            "capacity": 2,
            "screen_size": 14
        }
    },
    {
        "id": 588,
        "name": "Apple MacBook Pro 16 Diana Punya",
        "data": {
            "year": "2025",
            "price": "1849.99",
            "CPU model": "Intel Core i9",
            "Hard disk size": "1 TB",
            "color": "red",
            "capacity": 2,
            "screen_size": 14
        }
    },
    {
        "id": 589,
        "name": "Apple MacBook Pro 16 Diana Punya",
        "data": {
            "year": "2025",
            "price": "1849.99",
            "CPU model": "Intel Core i9",
            "Hard disk size": "1 TB",
            "color": "red",
            "capacity": 2,
            "screen_size": 14
        }
    },
    {
        "id": 590,
        "name": "Apple MacBook Pro 16 Diana Punya",
        "data": {
            "year": "2025",
            "price": "1849.99",
            "CPU model": "Intel Core i9",
            "Hard disk size": "1 TB",
            "color": "red",
            "capacity": 2,
            "screen_size": 14
        }
    },
    {
        "id": 591,
        "name": "Apple MacBook Pro 16 Diana Punya",
        "data": {
            "year": "2025",
            "price": "1849.99",
            "CPU model": "Intel Core i9",
            "Hard disk size": "1 TB",
            "color": "red",
            "capacity": 2,
            "screen_size": 14
        }
    },
    {
        "id": 592,
        "name": "Apple MacBook Pro 16 Diana Punya",
        "data": {
            "year": "2025",
            "price": "1849.99",
            "CPU model": "Intel Core i9",
            "Hard disk size": "1 TB",
            "color": "red",
            "capacity": 2,
            "screen_size": 14
        }
    },
    {
        "id": 593,
        "name": "Apple MacBook Pro 16 Diana Punya",
        "data": {
            "year": "2025",
            "price": "1849.99",
            "CPU model": "Intel Core i9",
            "Hard disk size": "1 TB",
            "color": "red",
            "capacity": 2,
            "screen_size": 14
        }
    },
    {
        "id": 594,
        "name": "Apple MacBook Pro 16 Diana Punya",
        "data": {
            "year": "2025",
            "price": "1849.99",
            "CPU model": "Intel Core i9",
            "Hard disk size": "1 TB",
            "color": "red",
            "capacity": 2,
            "screen_size": 14
        }
    },
    {
        "id": 595,
        "name": "Apple MacBook Pro 16 Diana Punya",
        "data": {
            "year": "2025",
            "price": "1849.99",
            "CPU model": "Intel Core i9",
            "Hard disk size": "1 TB",
            "color": "red",
            "capacity": 2,
            "screen_size": 14
        }
    },
    {
        "id": 596,
        "name": "Apple MacBook Pro 16",
        "data": {
            "year": "2030",
            "price": "1849.99",
            "CPU model": "Intel Core i9",
            "Hard disk size": "1 TB",
            "color": "red",
            "capacity": 2,
            "screen_size": 14
        }
    },
    {
        "id": 597,
        "name": "Apple MacBook Pro 16 Diana Punya",
        "data": {
            "year": "2025",
            "price": "1849.99",
            "CPU model": "Intel Core i9",
            "Hard disk size": "1 TB",
            "color": "red",
            "capacity": 2,
            "screen_size": 14
        }
    },
    {
        "id": 598,
        "name": "Apple MacBook Pro 16",
        "data": {
            "year": "2030",
            "price": "1849.99",
            "CPU model": "Intel Core i9",
            "Hard disk size": "1 TB",
            "color": "red",
            "capacity": 2,
            "screen_size": 14
        }
    },
    {
        "id": 599,
        "name": "Apple MacBook Pro 16 Diana Punya",
        "data": {
            "year": "2025",
            "price": "1849.99",
            "CPU model": "Intel Core i9",
            "Hard disk size": "1 TB",
            "color": "red",
            "capacity": 2,
            "screen_size": 14
        }
    },
    {
        "id": 601,
        "name": "Apple MacBook Pro 16",
        "data": {
            "year": "2030",
            "price": "1849.99",
            "CPU model": "Intel Core i9",
            "Hard disk size": "1 TB",
            "color": "red",
            "capacity": 2,
            "screen_size": 14
        }
    },
    {
        "id": 602,
        "name": "Apple MacBook Pro 16",
        "data": {
            "year": "2030",
            "price": "1849.99",
            "CPU model": "Intel Core i9",
            "Hard disk size": "1 TB",
            "color": "red",
            "capacity": 2,
            "screen_size": 14
        }
    },
    {
        "id": 603,
        "name": "Apple MacBook Pro 16 Diana Punya Updated",
        "data": {
            "year": "2027",
            "price": "9384765",
            "CPU model": "Intel Core i9 plus",
            "Hard disk size": "3 TB",
            "color": "blue",
            "capacity": 5,
            "screen_size": 15
        }
    },
    {
        "id": 604,
        "name": "Apple MacBook Pro 16 Diana Punya Updated",
        "data": {
            "year": "2027",
            "price": "9384765",
            "CPU model": "Intel Core i9 plus",
            "Hard disk size": "3 TB",
            "color": "blue",
            "capacity": 5,
            "screen_size": 15
        }
    },
    {
        "id": 625,
        "name": "Apple MacBook Pro 22",
        "data": {
            "year": "2022",
            "price": "2849",
            "CPU model": "M4 Pro",
            "Hard disk size": "2",
            "color": "silver",
            "capacity": 4,
            "screen_size": 16
        }
    },
    {
        "id": 607,
        "name": "Lenovo K14",
        "data": {
            "year": "2024",
            "price": "1849.99",
            "CPU model": "Intel Core i9",
            "Hard disk size": "1 TB",
            "color": "Gray",
            "capacity": 2,
            "screen_size": 14
        }
    },
    {
        "id": 609,
        "name": "Apple MacBook Pro 16 Diana Punya",
        "data": {
            "year": "2025",
            "price": "1849.99",
            "CPU model": "Intel Core i9",
            "Hard disk size": "1 TB",
            "color": "red",
            "capacity": 2,
            "screen_size": 14
        }
    },
    {
        "id": 610,
        "name": "Apple MacBook Pro 22",
        "data": {
            "year": "2022",
            "price": "2849",
            "CPU model": "M4 Pro",
            "Hard disk size": "2",
            "color": "silver",
            "capacity": 4,
            "screen_size": 16
        }
    },
    {
        "id": 611,
        "name": "Apple MacBook Pro 22",
        "data": {
            "year": "2022",
            "price": "2849",
            "CPU model": "M4 Pro",
            "Hard disk size": "2",
            "color": "silver",
            "capacity": 4,
            "screen_size": 16
        }
    },
    {
        "id": 612,
        "name": "Apple MacBook Pro 16 Diana Punya",
        "data": {
            "year": "2025",
            "price": "1849.99",
            "CPU model": "Intel Core i9",
            "Hard disk size": "1 TB",
            "color": "red",
            "capacity": 2,
            "screen_size": 14
        }
    },
    {
        "id": 613,
        "name": "Apple MacBook Pro 16 Diana Punya",
        "data": {
            "year": "2025",
            "price": "1849.99",
            "CPU model": "Intel Core i9",
            "Hard disk size": "1 TB",
            "color": "red",
            "capacity": 2,
            "screen_size": 14
        }
    },
    {
        "id": 614,
        "name": "Apple MacBook Pro 22",
        "data": {
            "year": "2022",
            "price": "2849",
            "CPU model": "M4 Pro",
            "Hard disk size": "2",
            "color": "silver",
            "capacity": 4,
            "screen_size": 16
        }
    },
    {
        "id": 615,
        "name": "Apple MacBook Pro 16 Diana Punya",
        "data": {
            "year": "2025",
            "price": "1849.99",
            "CPU model": "Intel Core i9",
            "Hard disk size": "1 TB",
            "color": "red",
            "capacity": 2,
            "screen_size": 14
        }
    },
    {
        "id": 616,
        "name": "Apple MacBook Pro 16",
        "data": {
            "year": "2019",
            "price": "1849",
            "CPU model": "Intel Core i9",
            "Hard disk size": "1",
            "color": "red",
            "capacity": 2,
            "screen_size": 14
        }
    },
    {
        "id": 617,
        "name": "Apple MacBook Pro 22",
        "data": {
            "year": "2022",
            "price": "2849",
            "CPU model": "M4 Pro",
            "Hard disk size": "2",
            "color": "silver",
            "capacity": 4,
            "screen_size": 16
        }
    },
    {
        "id": 618,
        "name": "Apple MacBook Pro 16 Diana Punya",
        "data": {
            "year": "2025",
            "price": "1849.99",
            "CPU model": "Intel Core i9",
            "Hard disk size": "1 TB",
            "color": "red",
            "capacity": 2,
            "screen_size": 14
        }
    },
    {
        "id": 619,
        "name": "Apple MacBook Pro 22",
        "data": {
            "year": "2022",
            "price": "2849",
            "CPU model": "M4 Pro",
            "Hard disk size": "2",
            "color": "silver",
            "capacity": 4,
            "screen_size": 16
        }
    },
    {
        "id": 620,
        "name": "Apple MacBook Pro 16 Diana Punya",
        "data": {
            "year": "2025",
            "price": "1849.99",
            "CPU model": "Intel Core i9",
            "Hard disk size": "1 TB",
            "color": "red",
            "capacity": 2,
            "screen_size": 14
        }
    },
    {
        "id": 621,
        "name": "Laptop Uhuy hapus",
        "data": {
            "year": "2025",
            "price": "2549.99",
            "CPU model": "Intel Core i9",
            "Hard disk size": "1 TB",
            "color": "Black",
            "capacity": 2,
            "screen_size": 16
        }
    },
    {
        "id": 622,
        "name": "PC Gaming",
        "data": {
            "year": "2025",
            "price": "2549.99",
            "CPU model": "Intel Core i9",
            "Hard disk size": "1 TB",
            "color": "Black",
            "capacity": 2,
            "screen_size": 16
        }
    },
    {
        "id": 626,
        "name": "Apple MacBook Pro 22",
        "data": {
            "year": "2022",
            "price": "2849",
            "CPU model": "M4 Pro",
            "Hard disk size": "2",
            "color": "silver",
            "capacity": 4,
            "screen_size": 16
        }
    },
    {
        "id": 628,
        "name": "Laptop Uhuy",
        "data": {
            "year": "2025",
            "price": "2549.99",
            "CPU model": "Intel Core i9",
            "Hard disk size": "1 TB",
            "color": "Black",
            "capacity": 2,
            "screen_size": 16
        }
    },
    {
        "id": 629,
        "name": "Apple MacBook Zahwa",
        "data": {
            "year": "2025",
            "price": "20000000",
            "CPU model": "Intel Core i7",
            "Hard disk size": "1 TB",
            "color": "starlight",
            "capacity": 2,
            "screen_size": 14
        }
    },
    {
        "id": 630,
        "name": "Apple MacBook Pro 22",
        "data": {
            "year": "2022",
            "price": "2849",
            "CPU model": "M4 Pro",
            "Hard disk size": "2",
            "color": "silver",
            "capacity": 4,
            "screen_size": 16
        }
    },
    {
        "id": 631,
        "name": "Apple MacBook Zahwa",
        "data": {
            "year": "2025",
            "price": "20000000",
            "CPU model": "Intel Core i7",
            "Hard disk size": "1 TB",
            "color": "starlight",
            "capacity": 2,
            "screen_size": 14
        }
    },
    {
        "id": 641,
        "name": "Laptop Uhuy",
        "data": {
            "year": "2025",
            "price": "2549.99",
            "CPU model": "Intel Core i9",
            "Hard disk size": "1 TB",
            "color": "Black",
            "capacity": 2,
            "screen_size": 16
        }
    },
    {
        "id": 637,
        "name": "Apple MacBook Zahwa",
        "data": {
            "year": "2025",
            "price": "20000000",
            "CPU model": "Intel Core i7",
            "Hard disk size": "1 TB",
            "color": "starlight",
            "capacity": 2,
            "screen_size": 14
        }
    },
    {
        "id": 638,
        "name": "Apple MacBook Zahwa",
        "data": {
            "year": "2025",
            "price": "20000000",
            "CPU model": "Intel Core i7",
            "Hard disk size": "1 TB",
            "color": "starlight",
            "capacity": 2,
            "screen_size": 14
        }
    },
    {
        "id": 635,
        "name": "Apple MacBook Zahwa",
        "data": {
            "year": "2025",
            "price": "20000000",
            "CPU model": "Intel Core i7",
            "Hard disk size": "1 TB",
            "color": "starlight",
            "capacity": 2,
            "screen_size": 14
        }
    },
    {
        "id": 639,
        "name": "Lenovo K14",
        "data": {
            "year": "2024",
            "price": "1849.99",
            "CPU model": "Intel Core i9",
            "Hard disk size": "1 TB",
            "color": "black",
            "capacity": 2,
            "screen_size": 14
        }
    },
    {
        "id": 640,
        "name": "Apple MacBook Zahwa",
        "data": {
            "year": "2025",
            "price": "20000000",
            "CPU model": "Intel Core i7",
            "Hard disk size": "1 TB",
            "color": "starlight",
            "capacity": 2,
            "screen_size": 14
        }
    },
    {
        "id": 642,
        "name": "Apple MacBook Zahwa",
        "data": {
            "year": "2025",
            "price": "20000000",
            "CPU model": "Intel Core i7",
            "Hard disk size": "1 TB",
            "color": "starlight",
            "capacity": 2,
            "screen_size": 14
        }
    },
    {
        "id": 644,
        "name": "Apple MacBook Zahwa",
        "data": {
            "year": "2025",
            "price": "20000000",
            "CPU model": "Intel Core i7",
            "Hard disk size": "1 TB",
            "color": "starlight",
            "capacity": 2,
            "screen_size": 14
        }
    },
    {
        "id": 645,
        "name": "Apple MacBook Zahwa",
        "data": {
            "year": "2025",
            "price": "20000000",
            "CPU model": "Intel Core i7",
            "Hard disk size": "1 TB",
            "color": "starlight",
            "capacity": 2,
            "screen_size": 14
        }
    },
    {
        "id": 646,
        "name": "Lenovo K14",
        "data": {
            "year": "2024",
            "price": "1849.99",
            "CPU model": "Intel Core i9",
            "Hard disk size": "1 TB",
            "color": "black",
            "capacity": 2,
            "screen_size": 14
        }
    },
    {
        "id": 648,
        "name": "Apple MacBook Zahwa Putri Hamida",
        "data": {
            "year": "2028",
            "price": "22000000",
            "CPU model": "Intel Core i9",
            "Hard disk size": "2 TB",
            "color": "coral",
            "capacity": 5,
            "screen_size": 15
        }
    },
    {
        "id": 655,
        "name": "Tab Galaxy S10",
        "data": {
            "year": "2025",
            "price": "3000",
            "CPU model": "iOS 17",
            "Hard disk size": "1 TB",
            "color": "Black",
            "capacity": 255,
            "screen_size": 7
        }
    },
    {
        "id": 680,
        "name": "[PROMO] Tab Galaxy S10",
        "data": {
            "year": "2026",
            "price": "2000",
            "CPU model": "Exynos 2100",
            "Hard disk size": "2 TB",
            "color": "Silver",
            "capacity": 512,
            "screen_size": 7.5
        }
    },
    {
        "id": 651,
        "name": "Lenovo K14",
        "data": {
            "year": "2024",
            "price": "1849.99",
            "CPU model": "Intel Core i9",
            "Hard disk size": "1 TB",
            "color": "black",
            "capacity": 2,
            "screen_size": 14
        }
    },
    {
        "id": 652,
        "name": "Lenovo K14",
        "data": {
            "year": "2024",
            "price": "1849.99",
            "CPU model": "Intel Core i9",
            "Hard disk size": "1 TB",
            "color": "black",
            "capacity": 2,
            "screen_size": 14
        }
    },
    {
        "id": 832,
        "name": "PC Gaming",
        "data": {
            "year": "2025",
            "price": "2549.99",
            "CPU model": "Intel Core i9",
            "Hard disk size": "1 TB",
            "color": "Black",
            "capacity": 2,
            "screen_size": 16
        }
    },
    {
        "id": 764,
        "name": "Lenovo Yoga",
        "data": {
            "year": "2025",
            "price": "1999.99",
            "CPU model": "Intel Core i8",
            "Hard disk size": "2 TB",
            "color": "gray",
            "capacity": 4,
            "screen_size": 12
        }
    },
    {
        "id": 768,
        "name": "Lenovo Yoga",
        "data": {
            "year": "2025",
            "price": "1999.99",
            "CPU model": "Intel Core i8",
            "Hard disk size": "2 TB",
            "color": "gray",
            "capacity": 4,
            "screen_size": 12
        }
    },
    {
        "id": 657,
        "name": "Asus Notebook Yuana",
        "data": {
            "year": "2025",
            "price": "1000",
            "CPU model": "Intel I3",
            "Hard disk size": "500 GB",
            "color": "red",
            "capacity": 2,
            "screen_size": 15
        }
    },
    {
        "id": 658,
        "name": "Macbook pro",
        "data": {
            "year": "2019",
            "price": "25000",
            "CPU model": "Intel Core i9",
            "Hard disk size": "1 TB",
            "color": "red",
            "capacity": 2,
            "screen_size": 14
        }
    },
    {
        "id": 659,
        "name": "Lenovo K14",
        "data": {
            "year": "2024",
            "price": "1849.99",
            "CPU model": "Intel Core i9",
            "Hard disk size": "1 TB",
            "color": "black",
            "capacity": 2,
            "screen_size": 14
        }
    },
    {
        "id": 660,
        "name": "Asus Notebook Yuana",
        "data": {
            "year": "2025",
            "price": "1000",
            "CPU model": "Intel I3",
            "Hard disk size": "500 GB",
            "color": "red",
            "capacity": 2,
            "screen_size": 15
        }
    },
    {
        "id": 661,
        "name": "Apple MacBook Pro 16",
        "data": {
            "year": "2019",
            "price": "1849",
            "CPU model": "Intel Core i9",
            "Hard disk size": "1",
            "color": "red",
            "capacity": 2,
            "screen_size": 14
        }
    },
    {
        "id": 662,
        "name": "Ipad Winda",
        "data": {
            "year": "2022",
            "price": "599",
            "CPU model": "Chipset A13",
            "Hard disk size": "64GB",
            "color": "Silver",
            "capacity": 1,
            "screen_size": 10.9
        }
    },
    {
        "id": 663,
        "name": "PC Gaming",
        "data": {
            "year": "2025",
            "price": "2549.99",
            "CPU model": "Intel Core i9",
            "Hard disk size": "1 TB",
            "color": "Black",
            "capacity": 2,
            "screen_size": 16
        }
    },
    {
        "id": 664,
        "name": "Ipad Winda",
        "data": {
            "year": "2022",
            "price": "599",
            "CPU model": "Chipset A13",
            "Hard disk size": "64GB",
            "color": "Silver",
            "capacity": 1,
            "screen_size": 10.9
        }
    },
    {
        "id": 665,
        "name": "PC Gaming",
        "data": {
            "year": "2025",
            "price": "2549.99",
            "CPU model": "Intel Core i9",
            "Hard disk size": "1 TB",
            "color": "Black",
            "capacity": 2,
            "screen_size": 16
        }
    },
    {
        "id": 666,
        "name": "Asus Notebook Yuana",
        "data": {
            "year": "2025",
            "price": "1000",
            "CPU model": "Intel I3",
            "Hard disk size": "500 GB",
            "color": "red",
            "capacity": 2,
            "screen_size": 15
        }
    },
    {
        "id": 667,
        "name": "Asus Notebook Yuana",
        "data": {
            "year": "2025",
            "price": "1000",
            "CPU model": "Intel I3",
            "Hard disk size": "500 GB",
            "color": "red",
            "capacity": 2,
            "screen_size": 15
        }
    },
    {
        "id": 670,
        "name": "Asus Notebook Yuana",
        "data": {
            "year": "2025",
            "price": "1000",
            "CPU model": "Intel I3",
            "Hard disk size": "500 GB",
            "color": "red",
            "capacity": 2,
            "screen_size": 15
        }
    },
    {
        "id": 834,
        "name": "PC Gaming",
        "data": {
            "year": "2025",
            "price": "2549.99",
            "CPU model": "Intel Core i9",
            "Hard disk size": "1 TB",
            "color": "Black",
            "capacity": 2,
            "screen_size": 16
        }
    },
    {
        "id": 672,
        "name": "Apple MacBook Pro 16",
        "data": {
            "year": "2019",
            "price": "1849",
            "CPU model": "Intel Core i9",
            "Hard disk size": "1",
            "color": "red",
            "capacity": 2,
            "screen_size": 14
        }
    },
    {
        "id": 673,
        "name": "Asus Notebook Yuana",
        "data": {
            "year": "2025",
            "price": "1000",
            "CPU model": "Intel I3",
            "Hard disk size": "500 GB",
            "color": "red",
            "capacity": 2,
            "screen_size": 15
        }
    },
    {
        "id": 776,
        "name": "Lenovo Ideapad",
        "data": {
            "year": "2025",
            "price": "1999.99",
            "CPU model": "Intel Core i8",
            "Hard disk size": "2 TB",
            "color": "gray",
            "capacity": 4,
            "screen_size": 12
        }
    },
    {
        "id": 780,
        "name": "Ipad Winda",
        "data": {
            "year": "2022",
            "price": "599",
            "CPU model": "Chipset A13",
            "Hard disk size": "64GB",
            "color": "Silver",
            "capacity": 1,
            "screen_size": 10.9
        }
    },
    {
        "id": 785,
        "name": "Ipad Winda",
        "data": {
            "year": "2022",
            "price": "599",
            "CPU model": "Chipset A13",
            "Hard disk size": "64GB",
            "color": "Silver",
            "capacity": 1,
            "screen_size": 10.9
        }
    },
    {
        "id": 677,
        "name": "Apple MacBook Pro 16",
        "data": {
            "year": "2019",
            "price": "1849",
            "CPU model": "Intel Core i9",
            "Hard disk size": "1",
            "color": "red",
            "capacity": 2,
            "screen_size": 14
        }
    },
    {
        "id": 793,
        "name": "Lenovo ThinkBook 7i",
        "data": {
            "year": "2023",
            "price": "1849.99",
            "CPU model": "Intel Core i7",
            "Hard disk size": "1 TB",
            "color": "silver",
            "capacity": 2,
            "screen_size": 14
        }
    },
    {
        "id": 681,
        "name": "Apple MacBook Pro 16",
        "data": {
            "year": "2019",
            "price": "1849",
            "CPU model": "Intel Core i9",
            "Hard disk size": "1",
            "color": "red",
            "capacity": 2,
            "screen_size": 14
        }
    },
    {
        "id": 682,
        "name": "PC Gaming",
        "data": {
            "year": "2025",
            "price": "2549.99",
            "CPU model": "Intel Core i9",
            "Hard disk size": "1 TB",
            "color": "Black",
            "capacity": 2,
            "screen_size": 16
        }
    },
    {
        "id": 683,
        "name": "Apple MacBook Pro 22",
        "data": {
            "year": "2022",
            "price": "2849",
            "CPU model": "M4 Pro",
            "Hard disk size": "2",
            "color": "silver",
            "capacity": 4,
            "screen_size": 16
        }
    },
    {
        "id": 684,
        "name": "PC Gaming",
        "data": {
            "year": "2025",
            "price": "2549.99",
            "CPU model": "Intel Core i9",
            "Hard disk size": "1 TB",
            "color": "Black",
            "capacity": 2,
            "screen_size": 16
        }
    },
    {
        "id": 685,
        "name": "Apple MacBook Pro 22",
        "data": {
            "year": "2022",
            "price": "2849",
            "CPU model": "M4 Pro",
            "Hard disk size": "2",
            "color": "silver",
            "capacity": 4,
            "screen_size": 16
        }
    },
    {
        "id": 836,
        "name": "PC Gaming",
        "data": {
            "year": "2025",
            "price": "2549.99",
            "CPU model": "Intel Core i9",
            "Hard disk size": "1 TB",
            "color": "Black",
            "capacity": 2,
            "screen_size": 16
        }
    },
    {
        "id": 796,
        "name": "Lenovo Ideapad",
        "data": {
            "year": "2025",
            "price": "1999.99",
            "CPU model": "Intel Core i8",
            "Hard disk size": "2 TB",
            "color": "gray",
            "capacity": 4,
            "screen_size": 12
        }
    },
    {
        "id": 838,
        "name": "PC Gaming",
        "data": {
            "year": "2025",
            "price": "2549.99",
            "CPU model": "Intel Core i9",
            "Hard disk size": "1 TB",
            "color": "Black",
            "capacity": 2,
            "screen_size": 16
        }
    },
    {
        "id": 798,
        "name": "Lenovo Ideapad",
        "data": {
            "year": "2027",
            "price": "1999.99",
            "CPU model": "Intel Core i8",
            "Hard disk size": "2 TB",
            "color": "white",
            "capacity": 4,
            "screen_size": 12
        }
    },
    {
        "id": 841,
        "name": "Apple MacBook Pro 16",
        "data": {
            "year": "2030",
            "price": "1849.99",
            "CPU model": "Intel Core i9",
            "Hard disk size": "1 TB",
            "color": "red",
            "capacity": 2,
            "screen_size": 14
        }
    },
    {
        "id": 804,
        "name": "Add object Destia via TestNG",
        "data": {
            "year": "2025",
            "price": "1849.99",
            "CPU model": "ADD Intel Core i9",
            "Hard disk size": "1 TB",
            "color": "red",
            "capacity": 2,
            "screen_size": 14
        }
    },
    {
        "id": 806,
        "name": "Add object Destia via TestNG",
        "data": {
            "year": "2025",
            "price": "1849.99",
            "CPU model": "ADD Intel Core i9",
            "Hard disk size": "1 TB",
            "color": "red",
            "capacity": 2,
            "screen_size": 14
        }
    },
    {
        "id": 808,
        "name": "Lenovo ThinkBook 7i",
        "data": {
            "year": "2023",
            "price": "1849.99",
            "CPU model": "Intel Core i7",
            "Hard disk size": "1 TB",
            "color": "silver",
            "capacity": 2,
            "screen_size": 14
        }
    },
    {
        "id": 811,
        "name": "Lenovo ThinkBook 7i",
        "data": {
            "year": "2023",
            "price": "1849.99",
            "CPU model": "Intel Core i7",
            "Hard disk size": "1 TB",
            "color": "silver",
            "capacity": 2,
            "screen_size": 14
        }
    },
    {
        "id": 813,
        "name": "Lenovo ThinkBook 7i",
        "data": {
            "year": "2023",
            "price": "1849.99",
            "CPU model": "Intel Core i7",
            "Hard disk size": "1 TB",
            "color": "silver",
            "capacity": 2,
            "screen_size": 14
        }
    },
    {
        "id": 815,
        "name": "Lenovo ThinkBook 7i",
        "data": {
            "year": "2023",
            "price": "1849.99",
            "CPU model": "Intel Core i7",
            "Hard disk size": "1 TB",
            "color": "silver",
            "capacity": 2,
            "screen_size": 14
        }
    },
    {
        "id": 817,
        "name": "Lenovo ThinkBook 7i",
        "data": {
            "year": "2023",
            "price": "1849.99",
            "CPU model": "Intel Core i7",
            "Hard disk size": "1 TB",
            "color": "silver",
            "capacity": 2,
            "screen_size": 14
        }
    },
    {
        "id": 823,
        "name": "Lenovo ThinkBook 7i",
        "data": {
            "year": "2023",
            "price": "1849.99",
            "CPU model": "Intel Core i7",
            "Hard disk size": "1 TB",
            "color": "silver",
            "capacity": 2,
            "screen_size": 14
        }
    },
    {
        "id": 827,
        "name": "Lenovo ThinkBook 7i",
        "data": {
            "year": "2023",
            "price": "1849.99",
            "CPU model": "Intel Core i7",
            "Hard disk size": "1 TB",
            "color": "silver",
            "capacity": 2,
            "screen_size": 14
        }
    },
    {
        "id": 858,
        "name": "Apple MacBook Pro 22",
        "data": {
            "year": "2022",
            "price": "2849",
            "CPU model": "M4 Pro",
            "Hard disk size": "2",
            "color": "silver",
            "capacity": 4,
            "screen_size": 16
        }
    },
    {
        "id": 862,
        "name": "Laptop Uhuy",
        "data": {
            "year": "2025",
            "price": "2549.99",
            "CPU model": "Intel Core i9",
            "Hard disk size": "1 TB",
            "color": "Black",
            "capacity": 2,
            "screen_size": 16
        }
    },
    {
        "id": 871,
        "name": "Tab Galaxy S10",
        "data": {
            "year": "2025",
            "price": "3000",
            "CPU model": "iOS 17",
            "Hard disk size": "1 TB",
            "color": "Black",
            "capacity": 255,
            "screen_size": 7
        }
    },
    {
        "id": 867,
        "name": "Tab Galaxy S10",
        "data": {
            "year": "2025",
            "price": "3000",
            "CPU model": "iOS 17",
            "Hard disk size": "1 TB",
            "color": "Black",
            "capacity": 255,
            "screen_size": 7
        }
    },
    {
        "id": 869,
        "name": "Tab Galaxy S10",
        "data": {
            "year": "2025",
            "price": "3000",
            "CPU model": "iOS 17",
            "Hard disk size": "1 TB",
            "color": "Black",
            "capacity": 255,
            "screen_size": 7
        }
    },
    {
        "id": 873,
        "name": "Tab Galaxy S10",
        "data": {
            "year": "2025",
            "price": "3000",
            "CPU model": "iOS 17",
            "Hard disk size": "1 TB",
            "color": "Black",
            "capacity": 255,
            "screen_size": 7
        }
    },
    {
        "id": 875,
        "name": "Tab Galaxy S10",
        "data": {
            "year": "2025",
            "price": "3000",
            "CPU model": "iOS 17",
            "Hard disk size": "1 TB",
            "color": "Black",
            "capacity": 255,
            "screen_size": 7
        }
    },
    {
        "id": 877,
        "name": "Tab Galaxy S10",
        "data": {
            "year": "2025",
            "price": "3000",
            "CPU model": "iOS 17",
            "Hard disk size": "1 TB",
            "color": "Black",
            "capacity": 255,
            "screen_size": 7
        }
    },
    {
        "id": 879,
        "name": "Tab Galaxy S10",
        "data": {
            "year": "2025",
            "price": "3000",
            "CPU model": "iOS 17",
            "Hard disk size": "1 TB",
            "color": "Black",
            "capacity": 255,
            "screen_size": 7
        }
    },
    {
        "id": 894,
        "name": "Tab Galaxy S10",
        "data": {
            "year": "2025",
            "price": "3000",
            "CPU model": "iOS 17",
            "Hard disk size": "1 TB",
            "color": "Black",
            "capacity": 255,
            "screen_size": 7
        }
    },
    {
        "id": 896,
        "name": "Tab Galaxy S10",
        "data": {
            "year": "2025",
            "price": "3000",
            "CPU model": "iOS 17",
            "Hard disk size": "1 TB",
            "color": "Black",
            "capacity": 255,
            "screen_size": 7
        }
    },
    {
        "id": 883,
        "name": "Apple MacBook Pro 16",
        "data": {
            "year": "2030",
            "price": "1849.99",
            "CPU model": "Intel Core i9",
            "Hard disk size": "1 TB",
            "color": "red",
            "capacity": 2,
            "screen_size": 14
        }
    },
    {
        "id": 885,
        "name": "Tab Galaxy S10",
        "data": {
            "year": "2025",
            "price": "3000",
            "CPU model": "iOS 17",
            "Hard disk size": "1 TB",
            "color": "Black",
            "capacity": 255,
            "screen_size": 7
        }
    },
    {
        "id": 887,
        "name": "Apple MacBook Pro 16",
        "data": {
            "year": "2030",
            "price": "1849.99",
            "CPU model": "Intel Core i9",
            "Hard disk size": "1 TB",
            "color": "red",
            "capacity": 2,
            "screen_size": 14
        }
    },
    {
        "id": 889,
        "name": "Apple MacBook Pro 16",
        "data": {
            "year": "2030",
            "price": "1849.99",
            "CPU model": "Intel Core i9",
            "Hard disk size": "1 TB",
            "color": "red",
            "capacity": 2,
            "screen_size": 14
        }
    },
    {
        "id": 891,
        "name": "Apple MacBook Pro 16",
        "data": {
            "year": "2030",
            "price": "1849.99",
            "CPU model": "Intel Core i9",
            "Hard disk size": "1 TB",
            "color": "red",
            "capacity": 2,
            "screen_size": 14
        }
    },
    {
        "id": 892,
        "name": "Tab Galaxy S10",
        "data": {
            "year": "2025",
            "price": "3000",
            "CPU model": "iOS 17",
            "Hard disk size": "1 TB",
            "color": "Black",
            "capacity": 255,
            "screen_size": 7
        }
    },
    {
        "id": 898,
        "name": "Tab Galaxy S10",
        "data": {
            "year": "2025",
            "price": "3000",
            "CPU model": "iOS 17",
            "Hard disk size": "1 TB",
            "color": "Black",
            "capacity": 255,
            "screen_size": 7
        }
    },
    {
        "id": 906,
        "name": "Mangga MacBuk Pro 16",
        "data": {
            "year": "2019",
            "price": "1849.99",
            "CPU model": "Intel Core i9",
            "Hard disk size": "1 TB",
            "color": "red",
            "capacity": 2,
            "screen_size": 14
        }
    },
    {
        "id": 907,
        "name": "Apple MacBook Pro 16",
        "data": {
            "year": "2030",
            "price": "1849.99",
            "CPU model": "Intel Core i9",
            "Hard disk size": "1 TB",
            "color": "red",
            "capacity": 2,
            "screen_size": 14
        }
    },
    {
        "id": 911,
        "name": "Apple MacBook Pro 16",
        "data": {
            "year": "2030",
            "price": "1849.99",
            "CPU model": "Intel Core i9",
            "Hard disk size": "1 TB",
            "color": "red",
            "capacity": 2,
            "screen_size": 14
        }
    },
    {
        "id": 910,
        "name": "Apple MacBook Pro 16",
        "data": {
            "year": "2030",
            "price": "1849.99",
            "CPU model": "Intel Core i9",
            "Hard disk size": "1 TB",
            "color": "red",
            "capacity": 2,
            "screen_size": 14
        }
    },
    {
        "id": 912,
        "name": "Apple MacBook Pro 16",
        "data": {
            "year": "2030",
            "price": "1849.99",
            "CPU model": "Intel Core i9",
            "Hard disk size": "1 TB",
            "color": "red",
            "capacity": 2,
            "screen_size": 14
        }
    },
    {
        "id": 913,
        "name": "Apple MacBook Pro 16",
        "data": {
            "year": "2030",
            "price": "1849.99",
            "CPU model": "Intel Core i9",
            "Hard disk size": "1 TB",
            "color": "red",
            "capacity": 2,
            "screen_size": 14
        }
    },
    {
        "id": 921,
        "name": "Tab Galaxy S10",
        "data": {
            "year": "2025",
            "price": "3000",
            "CPU model": "iOS 17",
            "Hard disk size": "1 TB",
            "color": "Black",
            "capacity": 255,
            "screen_size": 7
        }
    },
    {
        "id": 996,
        "name": "Samsung Flip 17",
        "data": {
            "year": "2029",
            "price": "20987.72",
            "CPU model": "Exynos",
            "Hard disk size": "2 GB",
            "color": "Purple",
            "capacity": 120,
            "screen_size": 7.6
        }
    },
    {
        "id": 803,
        "name": "Add object Destia via TestNG",
        "data": {
            "year": "2025",
            "price": "1849.99",
            "CPU model": "ADD Intel Core i9",
            "Hard disk size": "1 TB",
            "color": "red",
            "capacity": 2,
            "screen_size": 14
        }
    },
    {
        "id": 805,
        "name": "Add object Destia via TestNG",
        "data": {
            "year": "2025",
            "price": "1849.99",
            "CPU model": "ADD Intel Core i9",
            "Hard disk size": "1 TB",
            "color": "red",
            "capacity": 2,
            "screen_size": 14
        }
    },
    {
        "id": 807,
        "name": "Add object Destia via TestNG",
        "data": {
            "year": "2025",
            "price": "1849.99",
            "CPU model": "ADD Intel Core i9",
            "Hard disk size": "1 TB",
            "color": "red",
            "capacity": 2,
            "screen_size": 14
        }
    },
    {
        "id": 809,
        "name": "Lenovo Thinkpad T14",
        "data": {
            "year": "2025",
            "price": "2249.99",
            "CPU model": "Intel vPRO Enterprise",
            "Hard disk size": "1 TB",
            "color": "black",
            "capacity": 4,
            "screen_size": 14
        }
    },
    {
        "id": 715,
        "name": "Asus Notebook Yuana",
        "data": {
            "year": "2025",
            "price": "1000",
            "CPU model": "Intel I3",
            "Hard disk size": "500 GB",
            "color": "red",
            "capacity": 2,
            "screen_size": 15
        }
    },
    {
        "id": 752,
        "name": "Apple MacBook Pro 16 - Alifa Final",
        "data": {
            "year": "2019",
            "price": "1849.99",
            "CPU model": "Intel Core i9",
            "Hard disk size": "1 TB",
            "color": "red",
            "capacity": 2,
            "screen_size": 14
        }
    },
    {
        "id": 810,
        "name": "Lenovo Thinkpad T14",
        "data": {
            "year": "2025",
            "price": "2249.99",
            "CPU model": "Intel vPRO Enterprise",
            "Hard disk size": "1 TB",
            "color": "black",
            "capacity": 4,
            "screen_size": 14
        }
    },
    {
        "id": 726,
        "name": "Lenovo K14",
        "data": {
            "year": "2024",
            "price": "1849.99",
            "CPU model": "Intel Core i9",
            "Hard disk size": "1 TB",
            "color": "black",
            "capacity": 2,
            "screen_size": 14
        }
    },
    {
        "id": 812,
        "name": "Lenovo ThinkBook 7i",
        "data": {
            "year": "2023",
            "price": "1849.99",
            "CPU model": "Intel Core i7",
            "Hard disk size": "1 TB",
            "color": "silver",
            "capacity": 2,
            "screen_size": 14
        }
    },
    {
        "id": 814,
        "name": "[PROMO] Tab Galaxy S10",
        "data": {
            "year": "2026",
            "price": "2000",
            "CPU model": "Exynos 2100",
            "Hard disk size": "2 TB",
            "color": "Silver",
            "capacity": 512,
            "screen_size": 7.5
        }
    },
    {
        "id": 698,
        "name": "ASUS Vivo Book",
        "data": {
            "year": "2024",
            "price": "1849.99",
            "CPU model": "Intel Core i7",
            "Hard disk size": "1 TB",
            "color": "black",
            "capacity": 2,
            "screen_size": 14
        }
    },
    {
        "id": 699,
        "name": "ASUS Vivo Book",
        "data": {
            "year": "2024",
            "price": "1849.99",
            "CPU model": "Intel Core i7",
            "Hard disk size": "1 TB",
            "color": "black",
            "capacity": 2,
            "screen_size": 14
        }
    },
    {
        "id": 700,
        "name": "ASUS Vivo Book",
        "data": {
            "year": "2024",
            "price": "1849.99",
            "CPU model": "Intel Core i7",
            "Hard disk size": "1 TB",
            "color": "black",
            "capacity": 2,
            "screen_size": 14
        }
    },
    {
        "id": 701,
        "name": "ASUS Vivo Book",
        "data": {
            "year": "2024",
            "price": "1849.99",
            "CPU model": "Intel Core i7",
            "Hard disk size": "1 TB",
            "color": "black",
            "capacity": 2,
            "screen_size": 14
        }
    },
    {
        "id": 702,
        "name": "ASUS Vivo Book",
        "data": {
            "year": "2024",
            "price": "1849.99",
            "CPU model": "Intel Core i7",
            "Hard disk size": "1 TB",
            "color": "black",
            "capacity": 2,
            "screen_size": 14
        }
    },
    {
        "id": 703,
        "name": "ASUS Vivo Book",
        "data": {
            "year": "2024",
            "price": "1849.99",
            "CPU model": "Intel Core i7",
            "Hard disk size": "1 TB",
            "color": "black",
            "capacity": 2,
            "screen_size": 14
        }
    },
    {
        "id": 816,
        "name": "[PROMO] Tab Galaxy S10",
        "data": {
            "year": "2026",
            "price": "2000",
            "CPU model": "Exynos 2100",
            "Hard disk size": "2 TB",
            "color": "Silver",
            "capacity": 512,
            "screen_size": 7.5
        }
    },
    {
        "id": 773,
        "name": "Lenovo ThinkBook 7i",
        "data": {
            "year": "2023",
            "price": "1849.99",
            "CPU model": "Intel Core i7",
            "Hard disk size": "1 TB",
            "color": "silver",
            "capacity": 2,
            "screen_size": 14
        }
    },
    {
        "id": 705,
        "name": "ASUS Vivo Book",
        "data": {
            "year": "2024",
            "price": "1849.99",
            "CPU model": "Intel Core i7",
            "Hard disk size": "1 TB",
            "color": "black",
            "capacity": 2,
            "screen_size": 14
        }
    },
    {
        "id": 706,
        "name": "ASUS Vivo Book",
        "data": {
            "year": "2024",
            "price": "1849.99",
            "CPU model": "Intel Core i7",
            "Hard disk size": "1 TB",
            "color": "black",
            "capacity": 2,
            "screen_size": 14
        }
    },
    {
        "id": 777,
        "name": "Lenovo Ideapad",
        "data": {
            "year": "2025",
            "price": "1999.99",
            "CPU model": "Intel Core i8",
            "Hard disk size": "2 TB",
            "color": "gray",
            "capacity": 4,
            "screen_size": 12
        }
    },
    {
        "id": 781,
        "name": "Ipad Winda",
        "data": {
            "year": "2022",
            "price": "599",
            "CPU model": "Chipset A13",
            "Hard disk size": "64GB",
            "color": "Silver",
            "capacity": 1,
            "screen_size": 10.9
        }
    },
    {
        "id": 786,
        "name": "iPhone 14 Pro Max",
        "data": {
            "year": "2022",
            "price": "1600",
            "CPU model": "A16 Bionic",
            "Hard disk size": "256 GB",
            "color": "Deep Purple",
            "capacity": 4323,
            "screen_size": 6.7
        }
    },
    {
        "id": 708,
        "name": "ASUS Vivo Book",
        "data": {
            "year": "2024",
            "price": "1849.99",
            "CPU model": "Intel Core i7",
            "Hard disk size": "1 TB",
            "color": "black",
            "capacity": 2,
            "screen_size": 14
        }
    },
    {
        "id": 709,
        "name": "ASUS Vivo Book",
        "data": {
            "year": "2024",
            "price": "1849.99",
            "CPU model": "Intel Core i7",
            "Hard disk size": "1 TB",
            "color": "black",
            "capacity": 2,
            "screen_size": 14
        }
    },
    {
        "id": 790,
        "name": "Lenovo ThinkBook 7i",
        "data": {
            "year": "2023",
            "price": "1849.99",
            "CPU model": "Intel Core i7",
            "Hard disk size": "1 TB",
            "color": "silver",
            "capacity": 2,
            "screen_size": 14
        }
    },
    {
        "id": 710,
        "name": "ASUS Vivo Book",
        "data": {
            "year": "2024",
            "price": "1849.99",
            "CPU model": "Intel Core i7",
            "Hard disk size": "1 TB",
            "color": "black",
            "capacity": 2,
            "screen_size": 14
        }
    },
    {
        "id": 711,
        "name": "Apple MacBook Pro 16",
        "data": {
            "year": "2019",
            "price": "1849",
            "CPU model": "Intel Core i9",
            "Hard disk size": "1",
            "color": "red",
            "capacity": 2,
            "screen_size": 14
        }
    },
    {
        "id": 712,
        "name": "ASUS Vivo Book",
        "data": {
            "year": "2024",
            "price": "1849.99",
            "CPU model": "Intel Core i7",
            "Hard disk size": "1 TB",
            "color": "black",
            "capacity": 2,
            "screen_size": 14
        }
    },
    {
        "id": 707,
        "name": "Apple MacBook Pro 16 Yuana Updated",
        "data": {
            "year": "2023",
            "price": "2000",
            "CPU model": "Intel Core i9",
            "Hard disk size": "1 TB",
            "color": "green",
            "capacity": 2,
            "screen_size": 16
        }
    },
    {
        "id": 713,
        "name": "ASUS Vivo Book",
        "data": {
            "year": "2024",
            "price": "1849.99",
            "CPU model": "Intel Core i7",
            "Hard disk size": "1 TB",
            "color": "black",
            "capacity": 2,
            "screen_size": 14
        }
    },
    {
        "id": 714,
        "name": "ASUS Vivo Book",
        "data": {
            "year": "2024",
            "price": "1849.99",
            "CPU model": "Intel Core i7",
            "Hard disk size": "1 TB",
            "color": "black",
            "capacity": 2,
            "screen_size": 14
        }
    },
    {
        "id": 818,
        "name": "Apple MacBook Pro 22",
        "data": {
            "year": "2022",
            "price": "2849",
            "CPU model": "M4 Pro",
            "Hard disk size": "2",
            "color": "silver",
            "capacity": 4,
            "screen_size": 16
        }
    },
    {
        "id": 717,
        "name": "ASUS Vivo Book",
        "data": {
            "year": "2024",
            "price": "1849.99",
            "CPU model": "Intel Core i7",
            "Hard disk size": "1 TB",
            "color": "black",
            "capacity": 2,
            "screen_size": 14
        }
    },
    {
        "id": 794,
        "name": "Lenovo Ideapad",
        "data": {
            "year": "2025",
            "price": "1999.99",
            "CPU model": "Intel Core i8",
            "Hard disk size": "2 TB",
            "color": "gray",
            "capacity": 4,
            "screen_size": 12
        }
    },
    {
        "id": 718,
        "name": "ASUS Vivo Book",
        "data": {
            "year": "2024",
            "price": "1849.99",
            "CPU model": "Intel Core i7",
            "Hard disk size": "1 TB",
            "color": "black",
            "capacity": 2,
            "screen_size": 14
        }
    },
    {
        "id": 719,
        "name": "Apple MacBook Pro 16",
        "data": {
            "year": "2019",
            "price": "1849",
            "CPU model": "Intel Core i9",
            "Hard disk size": "1",
            "color": "red",
            "capacity": 2,
            "screen_size": 14
        }
    },
    {
        "id": 737,
        "name": "Lenovo K14 - Update",
        "data": {
            "year": "2024",
            "price": "1849.99",
            "CPU model": "Intel Core i9",
            "Hard disk size": "1 TB",
            "color": "black",
            "capacity": 2,
            "screen_size": 14
        }
    },
    {
        "id": 735,
        "name": "Lenovo K14",
        "data": {
            "year": "2024",
            "price": "1849.99",
            "CPU model": "Intel Core i9",
            "Hard disk size": "1 TB",
            "color": "black",
            "capacity": 2,
            "screen_size": 14
        }
    },
    {
        "id": 822,
        "name": "Lenovo ThinkBook 7i",
        "data": {
            "year": "2023",
            "price": "1849.99",
            "CPU model": "Intel Core i7",
            "Hard disk size": "1 TB",
            "color": "silver",
            "capacity": 2,
            "screen_size": 14
        }
    },
    {
        "id": 824,
        "name": "Apple MacBook Pro 22",
        "data": {
            "year": "2022",
            "price": "2849",
            "CPU model": "M4 Pro",
            "Hard disk size": "2",
            "color": "silver",
            "capacity": 4,
            "screen_size": 16
        }
    },
    {
        "id": 722,
        "name": "ASUS Vivo Book",
        "data": {
            "year": "2024",
            "price": "1849.99",
            "CPU model": "Intel Core i7",
            "Hard disk size": "1 TB",
            "color": "black",
            "capacity": 2,
            "screen_size": 14
        }
    },
    {
        "id": 799,
        "name": "Lenovo Ideapad",
        "data": {
            "year": "2027",
            "price": "1999.99",
            "CPU model": "Intel Core i8",
            "Hard disk size": "2 TB",
            "color": "white",
            "capacity": 4,
            "screen_size": 12
        }
    },
    {
        "id": 723,
        "name": "ASUS Vivo Book",
        "data": {
            "year": "2024",
            "price": "1849.99",
            "CPU model": "Intel Core i7",
            "Hard disk size": "1 TB",
            "color": "black",
            "capacity": 2,
            "screen_size": 14
        }
    },
    {
        "id": 833,
        "name": "PC Gaming",
        "data": {
            "year": "2025",
            "price": "2549.99",
            "CPU model": "Intel Core i9",
            "Hard disk size": "1 TB",
            "color": "Black",
            "capacity": 2,
            "screen_size": 16
        }
    },
    {
        "id": 835,
        "name": "PC Gaming",
        "data": {
            "year": "2025",
            "price": "2549.99",
            "CPU model": "Intel Core i9",
            "Hard disk size": "1 TB",
            "color": "Black",
            "capacity": 2,
            "screen_size": 16
        }
    },
    {
        "id": 837,
        "name": "Apple MacBook Pro 16",
        "data": {
            "year": "2019",
            "price": "1849.99",
            "CPU model": "Intel Core i9",
            "Hard disk size": "1 TB",
            "color": "red",
            "capacity": 2,
            "screen_size": 14
        }
    },
    {
        "id": 839,
        "name": "PC Gaming",
        "data": {
            "year": "2025",
            "price": "2549.99",
            "CPU model": "Intel Core i9",
            "Hard disk size": "1 TB",
            "color": "Black",
            "capacity": 2,
            "screen_size": 16
        }
    },
    {
        "id": 842,
        "name": "Apple MacBook Pro 16",
        "data": {
            "year": "2030",
            "price": "1849.99",
            "CPU model": "Intel Core i9",
            "Hard disk size": "1 TB",
            "color": "red",
            "capacity": 2,
            "screen_size": 14
        }
    },
    {
        "id": 860,
        "name": "Laptop Uhuy",
        "data": {
            "year": "2025",
            "price": "2549.99",
            "CPU model": "Intel Core i9",
            "Hard disk size": "1 TB",
            "color": "Black",
            "capacity": 2,
            "screen_size": 16
        }
    },
    {
        "id": 861,
        "name": "Apple MacBook Pro 16",
        "data": {
            "year": "2019",
            "price": "1849.99",
            "CPU model": "Intel Core i9",
            "Hard disk size": "1 TB",
            "color": "red",
            "capacity": 2,
            "screen_size": 14
        }
    },
    {
        "id": 865,
        "name": "Tab Galaxy S10",
        "data": {
            "year": "2025",
            "price": "3000",
            "CPU model": "iOS 17",
            "Hard disk size": "1 TB",
            "color": "Black",
            "capacity": 255,
            "screen_size": 7
        }
    },
    {
        "id": 868,
        "name": "Tab Galaxy S10",
        "data": {
            "year": "2025",
            "price": "3000",
            "CPU model": "iOS 17",
            "Hard disk size": "1 TB",
            "color": "Black",
            "capacity": 255,
            "screen_size": 7
        }
    },
    {
        "id": 870,
        "name": "Tab Galaxy S10",
        "data": {
            "year": "2025",
            "price": "3000",
            "CPU model": "iOS 17",
            "Hard disk size": "1 TB",
            "color": "Black",
            "capacity": 255,
            "screen_size": 7
        }
    },
    {
        "id": 872,
        "name": "Tab Galaxy S10",
        "data": {
            "year": "2025",
            "price": "3000",
            "CPU model": "iOS 17",
            "Hard disk size": "1 TB",
            "color": "Black",
            "capacity": 255,
            "screen_size": 7
        }
    },
    {
        "id": 874,
        "name": "Tab Galaxy S10",
        "data": {
            "year": "2025",
            "price": "3000",
            "CPU model": "iOS 17",
            "Hard disk size": "1 TB",
            "color": "Black",
            "capacity": 255,
            "screen_size": 7
        }
    },
    {
        "id": 876,
        "name": "Tab Galaxy S10",
        "data": {
            "year": "2025",
            "price": "3000",
            "CPU model": "iOS 17",
            "Hard disk size": "1 TB",
            "color": "Black",
            "capacity": 255,
            "screen_size": 7
        }
    },
    {
        "id": 878,
        "name": "Tab Galaxy S10",
        "data": {
            "year": "2025",
            "price": "3000",
            "CPU model": "iOS 17",
            "Hard disk size": "1 TB",
            "color": "Black",
            "capacity": 255,
            "screen_size": 7
        }
    },
    {
        "id": 880,
        "name": "Tab Galaxy S10",
        "data": {
            "year": "2025",
            "price": "3000",
            "CPU model": "iOS 17",
            "Hard disk size": "1 TB",
            "color": "Black",
            "capacity": 255,
            "screen_size": 7
        }
    },
    {
        "id": 882,
        "name": "Apple MacBook Pro 16",
        "data": {
            "year": "2030",
            "price": "1849.99",
            "CPU model": "Intel Core i9",
            "Hard disk size": "1 TB",
            "color": "red",
            "capacity": 2,
            "screen_size": 14
        }
    },
    {
        "id": 884,
        "name": "Apple MacBook Pro 16",
        "data": {
            "year": "2019",
            "price": "1849.99",
            "CPU model": "Intel Core i9",
            "Hard disk size": "1 TB",
            "color": "red",
            "capacity": 2,
            "screen_size": 14
        }
    },
    {
        "id": 888,
        "name": "Apple MacBook Pro 16",
        "data": {
            "year": "2030",
            "price": "1849.99",
            "CPU model": "Intel Core i9",
            "Hard disk size": "1 TB",
            "color": "red",
            "capacity": 2,
            "screen_size": 14
        }
    },
    {
        "id": 890,
        "name": "Apple MacBook Pro 16",
        "data": {
            "year": "2030",
            "price": "1849.99",
            "CPU model": "Intel Core i9",
            "Hard disk size": "1 TB",
            "color": "red",
            "capacity": 2,
            "screen_size": 14
        }
    },
    {
        "id": 893,
        "name": "Tab Galaxy S10",
        "data": {
            "year": "2025",
            "price": "3000",
            "CPU model": "iOS 17",
            "Hard disk size": "1 TB",
            "color": "Black",
            "capacity": 255,
            "screen_size": 7
        }
    },
    {
        "id": 895,
        "name": "Tab Galaxy S10",
        "data": {
            "year": "2025",
            "price": "3000",
            "CPU model": "iOS 17",
            "Hard disk size": "1 TB",
            "color": "Black",
            "capacity": 255,
            "screen_size": 7
        }
    },
    {
        "id": 897,
        "name": "Apple MacBook Pro 16",
        "data": {
            "year": "2030",
            "price": "1849.99",
            "CPU model": "Intel Core i9",
            "Hard disk size": "1 TB",
            "color": "red",
            "capacity": 2,
            "screen_size": 14
        }
    },
    {
        "id": 899,
        "name": "Apple MacBook Pro 16",
        "data": {
            "year": "2030",
            "price": "1849.99",
            "CPU model": "Intel Core i9",
            "Hard disk size": "1 TB",
            "color": "red",
            "capacity": 2,
            "screen_size": 14
        }
    },
    {
        "id": 914,
        "name": "Apple MacBook Pro 16",
        "data": {
            "year": "2030",
            "price": "1849.99",
            "CPU model": "Intel Core i9",
            "Hard disk size": "1 TB",
            "color": "red",
            "capacity": 2,
            "screen_size": 14
        }
    },
    {
        "id": 915,
        "name": "Apple MacBook Pro 16",
        "data": {
            "year": "2030",
            "price": "1849.99",
            "CPU model": "Intel Core i9",
            "Hard disk size": "1 TB",
            "color": "red",
            "capacity": 2,
            "screen_size": 14
        }
    },
    {
        "id": 916,
        "name": "Apple MacBook Pro 16",
        "data": {
            "year": "2030",
            "price": "1849.99",
            "CPU model": "Intel Core i9",
            "Hard disk size": "1 TB",
            "color": "red",
            "capacity": 2,
            "screen_size": 14
        }
    },
    {
        "id": 917,
        "name": "Apple MacBook Pro 16",
        "data": {
            "year": "2030",
            "price": "1849.99",
            "CPU model": "Intel Core i9",
            "Hard disk size": "1 TB",
            "color": "red",
            "capacity": 2,
            "screen_size": 14
        }
    },
    {
        "id": 918,
        "name": "Apple MacBook Pro 16",
        "data": {
            "year": "2030",
            "price": "1849.99",
            "CPU model": "Intel Core i9",
            "Hard disk size": "1 TB",
            "color": "red",
            "capacity": 2,
            "screen_size": 14
        }
    },
    {
        "id": 919,
        "name": "Apple MacBook Pro 16",
        "data": {
            "year": "2030",
            "price": "1849.99",
            "CPU model": "Intel Core i9",
            "Hard disk size": "1 TB",
            "color": "red",
            "capacity": 2,
            "screen_size": 14
        }
    },
    {
        "id": 920,
        "name": "Apple MacBook Pro 16",
        "data": {
            "year": "2030",
            "price": "1849.99",
            "CPU model": "Intel Core i9",
            "Hard disk size": "1 TB",
            "color": "red",
            "capacity": 2,
            "screen_size": 14
        }
    },
    {
        "id": 997,
        "name": "Apple MacBook Pro 16",
        "data": {
            "year": "2030",
            "price": "1849.99",
            "CPU model": "Intel Core i9",
            "Hard disk size": "1 TB",
            "color": "red",
            "capacity": 2,
            "screen_size": 14
        }
    },
    {
        "id": 1001,
        "name": "Asus Tuf Gaming",
        "data": {
            "year": "2020",
            "price": "1500",
            "CPU model": "i9",
            "Hard disk size": "2TB",
            "color": "Black",
            "capacity": 4,
            "screen_size": 16
        }
    },
    {
        "id": 922,
        "name": "Tab Galaxy S10",
        "data": {
            "year": "2025",
            "price": "3000",
            "CPU model": "iOS 17",
            "Hard disk size": "1 TB",
            "color": "Black",
            "capacity": 255,
            "screen_size": 7
        }
    },
    {
        "id": 923,
        "name": "Mangga MacBuk Pro 16",
        "data": {
            "year": "2019",
            "price": "1849.99",
            "CPU model": "Intel Core i9",
            "Hard disk size": "1 TB",
            "color": "red",
            "capacity": 2,
            "screen_size": 14
        }
    },
    {
        "id": 924,
        "name": "Mangga MacBuk Pro 16",
        "data": {
            "year": "2019",
            "price": "1849.99",
            "CPU model": "Intel Core i9",
            "Hard disk size": "1 TB",
            "color": "red",
            "capacity": 2,
            "screen_size": 14
        }
    },
    {
        "id": 925,
        "name": "Laptop QA 12eccab4-385e-4399-b526-475ffdd8cf8f",
        "data": {
            "year": "2024",
            "price": "1000",
            "CPU model": "Intel Core i7",
            "Hard disk size": "1 TB",
            "color": "Silver",
            "capacity": 16,
            "screen_size": 15.6
        }
    },
    {
        "id": 926,
        "name": "Laptop QA fc423a16-f608-4115-a490-2461566d131f",
        "data": {
            "year": "2024",
            "price": "1000",
            "CPU model": "Intel Core i7",
            "Hard disk size": "1 TB",
            "color": "Silver",
            "capacity": 16,
            "screen_size": 15.6
        }
    },
    {
        "id": 927,
        "name": "Tab Galaxy S10",
        "data": {
            "year": "2025",
            "price": "3000",
            "CPU model": "iOS 17",
            "Hard disk size": "1 TB",
            "color": "Black",
            "capacity": 255,
            "screen_size": 7
        }
    },
    {
        "id": 928,
        "name": "Laptop QA 1c0a19fe-d002-48ff-a43a-3010b15b5bfa",
        "data": {
            "year": "2024",
            "price": "1000",
            "CPU model": "Intel Core i7",
            "Hard disk size": "1 TB",
            "color": "Silver",
            "capacity": 16,
            "screen_size": 15.6
        }
    },
    {
        "id": 929,
        "name": "Tab Galaxy S10",
        "data": {
            "year": "2025",
            "price": "3000",
            "CPU model": "iOS 17",
            "Hard disk size": "1 TB",
            "color": "Black",
            "capacity": 255,
            "screen_size": 7
        }
    },
    {
        "id": 930,
        "name": "Tab Galaxy S10",
        "data": {
            "year": "2025",
            "price": "3000",
            "CPU model": "iOS 17",
            "Hard disk size": "1 TB",
            "color": "Black",
            "capacity": 255,
            "screen_size": 7
        }
    },
    {
        "id": 931,
        "name": "Tab Galaxy S10",
        "data": {
            "year": "2025",
            "price": "3000",
            "CPU model": "iOS 17",
            "Hard disk size": "1 TB",
            "color": "Black",
            "capacity": 255,
            "screen_size": 7
        }
    },
    {
        "id": 932,
        "name": "Ipad Winda",
        "data": {
            "year": "2022",
            "price": "599",
            "CPU model": "Chipset A13",
            "Hard disk size": "64GB",
            "color": "Silver",
            "capacity": 1,
            "screen_size": 10.9
        }
    },
    {
        "id": 933,
        "name": "Tab Galaxy S10",
        "data": {
            "year": "2025",
            "price": "3000",
            "CPU model": "iOS 17",
            "Hard disk size": "1 TB",
            "color": "Black",
            "capacity": 255,
            "screen_size": 7
        }
    },
    {
        "id": 934,
        "name": "Tab Galaxy S10",
        "data": {
            "year": "2025",
            "price": "3000",
            "CPU model": "iOS 17",
            "Hard disk size": "1 TB",
            "color": "Black",
            "capacity": 255,
            "screen_size": 7
        }
    },
    {
        "id": 935,
        "name": "Tab Galaxy S10",
        "data": {
            "year": "2025",
            "price": "3000",
            "CPU model": "iOS 17",
            "Hard disk size": "1 TB",
            "color": "Black",
            "capacity": 255,
            "screen_size": 7
        }
    },
    {
        "id": 936,
        "name": "Tab Galaxy S10",
        "data": {
            "year": "2025",
            "price": "3000",
            "CPU model": "iOS 17",
            "Hard disk size": "1 TB",
            "color": "Black",
            "capacity": 255,
            "screen_size": 7
        }
    },
    {
        "id": 937,
        "name": "Tab Galaxy S10",
        "data": {
            "year": "2025",
            "price": "3000",
            "CPU model": "iOS 17",
            "Hard disk size": "1 TB",
            "color": "Black",
            "capacity": 255,
            "screen_size": 7
        }
    },
    {
        "id": 938,
        "name": "Tab Galaxy S10",
        "data": {
            "year": "2025",
            "price": "3000",
            "CPU model": "iOS 17",
            "Hard disk size": "1 TB",
            "color": "Black",
            "capacity": 255,
            "screen_size": 7
        }
    },
    {
        "id": 939,
        "name": "Tab Galaxy S10",
        "data": {
            "year": "2025",
            "price": "3000",
            "CPU model": "iOS 17",
            "Hard disk size": "1 TB",
            "color": "Black",
            "capacity": 255,
            "screen_size": 7
        }
    },
    {
        "id": 940,
        "name": "Tab Galaxy S10",
        "data": {
            "year": "2025",
            "price": "3000",
            "CPU model": "iOS 17",
            "Hard disk size": "1 TB",
            "color": "Black",
            "capacity": 255,
            "screen_size": 7
        }
    },
    {
        "id": 941,
        "name": "Tab Galaxy S10",
        "data": {
            "year": "2025",
            "price": "3000",
            "CPU model": "iOS 17",
            "Hard disk size": "1 TB",
            "color": "Black",
            "capacity": 255,
            "screen_size": 7
        }
    },
    {
        "id": 942,
        "name": "Tab Galaxy S10",
        "data": {
            "year": "2025",
            "price": "3000",
            "CPU model": "iOS 17",
            "Hard disk size": "1 TB",
            "color": "Black",
            "capacity": 255,
            "screen_size": 7
        }
    },
    {
        "id": 943,
        "name": "Tab Galaxy S10",
        "data": {
            "year": "2025",
            "price": "3000",
            "CPU model": "iOS 17",
            "Hard disk size": "1 TB",
            "color": "Black",
            "capacity": 255,
            "screen_size": 7
        }
    },
    {
        "id": 944,
        "name": "Tab Galaxy S10",
        "data": {
            "year": "2025",
            "price": "3000",
            "CPU model": "iOS 17",
            "Hard disk size": "1 TB",
            "color": "Black",
            "capacity": 255,
            "screen_size": 7
        }
    },
    {
        "id": 945,
        "name": "Tab Galaxy S10",
        "data": {
            "year": "2025",
            "price": "3000",
            "CPU model": "iOS 17",
            "Hard disk size": "1 TB",
            "color": "Black",
            "capacity": 255,
            "screen_size": 7
        }
    },
    {
        "id": 946,
        "name": "Apple MacBook Pro 16",
        "data": {
            "year": "2030",
            "price": "1849.99",
            "CPU model": "Intel Core i9",
            "Hard disk size": "1 TB",
            "color": "red",
            "capacity": 2,
            "screen_size": 14
        }
    },
    {
        "id": 947,
        "name": "Apple MacBook Pro 16",
        "data": {
            "year": "2030",
            "price": "1849.99",
            "CPU model": "Intel Core i9",
            "Hard disk size": "1 TB",
            "color": "red",
            "capacity": 2,
            "screen_size": 14
        }
    },
    {
        "id": 948,
        "name": "Apple MacBook Pro 16",
        "data": {
            "year": "2030",
            "price": "1849.99",
            "CPU model": "Intel Core i9",
            "Hard disk size": "1 TB",
            "color": "red",
            "capacity": 2,
            "screen_size": 14
        }
    },
    {
        "id": 949,
        "name": "Apple MacBook Pro 16",
        "data": {
            "year": "2030",
            "price": "1849.99",
            "CPU model": "Intel Core i9",
            "Hard disk size": "1 TB",
            "color": "red",
            "capacity": 2,
            "screen_size": 14
        }
    },
    {
        "id": 950,
        "name": "Apple MacBook Pro 16",
        "data": {
            "year": "2030",
            "price": "1849.99",
            "CPU model": "Intel Core i9",
            "Hard disk size": "1 TB",
            "color": "red",
            "capacity": 2,
            "screen_size": 14
        }
    },
    {
        "id": 951,
        "name": "Apple MacBook Pro 16",
        "data": {
            "year": "2030",
            "price": "1849.99",
            "CPU model": "Intel Core i9",
            "Hard disk size": "1 TB",
            "color": "red",
            "capacity": 2,
            "screen_size": 14
        }
    },
    {
        "id": 952,
        "name": "Apple MacBook Pro 16",
        "data": {
            "year": "2030",
            "price": "1849.99",
            "CPU model": "Intel Core i9",
            "Hard disk size": "1 TB",
            "color": "red",
            "capacity": 2,
            "screen_size": 14
        }
    },
    {
        "id": 953,
        "name": "Apple MacBook Pro 16",
        "data": {
            "year": "2030",
            "price": "1849.99",
            "CPU model": "Intel Core i9",
            "Hard disk size": "1 TB",
            "color": "red",
            "capacity": 2,
            "screen_size": 14
        }
    },
    {
        "id": 998,
        "name": "Apple MacBook Pro 16",
        "data": {
            "year": "2030",
            "price": "1849.99",
            "CPU model": "Intel Core i9",
            "Hard disk size": "1 TB",
            "color": "red",
            "capacity": 2,
            "screen_size": 14
        }
    },
    {
        "id": 1002,
        "name": "Asus Tuf Gaming",
        "data": {
            "year": "2020",
            "price": "1500",
            "CPU model": "i9",
            "Hard disk size": "2TB",
            "color": "Black",
            "capacity": 4,
            "screen_size": 16
        }
    },
    {
        "id": 958,
        "name": "Updated ya",
        "data": {
            "year": "2025",
            "price": "1999.99",
            "CPU model": "M5",
            "Hard disk size": "2 TB",
            "color": "grey",
            "capacity": 1,
            "screen_size": 13
        }
    },
    {
        "id": 972,
        "name": "Laptop si unyil",
        "data": {
            "year": "2025",
            "price": "2549.99",
            "CPU model": "Intel Core i9",
            "Hard disk size": "1 TB",
            "color": "Black",
            "capacity": 2,
            "screen_size": 16
        }
    },
    {
        "id": 973,
        "name": "Laptop si unyil",
        "data": {
            "year": "2025",
            "price": "2549.99",
            "CPU model": "Intel Core i9",
            "Hard disk size": "1 TB",
            "color": "Black",
            "capacity": 2,
            "screen_size": 16
        }
    },
    {
        "id": 974,
        "name": "Laptop QA 6e8657e5-0045-4584-ae36-fdf112fe2218",
        "data": {
            "year": "2024",
            "price": "1000",
            "CPU model": "Intel Core i7",
            "Hard disk size": "1 TB",
            "color": "Silver",
            "capacity": 16,
            "screen_size": 15.6
        }
    },
    {
        "id": 975,
        "name": "Laptop QA fa930819-bf18-48b5-bf73-32208c8fbc24",
        "data": {
            "year": "2024",
            "price": "1000",
            "CPU model": "Intel Core i7",
            "Hard disk size": "1 TB",
            "color": "Silver",
            "capacity": 16,
            "screen_size": 15.6
        }
    },
    {
        "id": 976,
        "name": "Tab Galaxy S10",
        "data": {
            "year": "2025",
            "price": "3000",
            "CPU model": "iOS 17",
            "Hard disk size": "1 TB",
            "color": "Black",
            "capacity": 255,
            "screen_size": 7
        }
    },
    {
        "id": 977,
        "name": "Laptop QA af34e3fe-b819-415c-8f66-78060e5a8b8c",
        "data": {
            "year": "2024",
            "price": "1000",
            "CPU model": "Intel Core i7",
            "Hard disk size": "1 TB",
            "color": "Silver",
            "capacity": 16,
            "screen_size": 15.6
        }
    },
    {
        "id": 978,
        "name": "Tab Galaxy S10",
        "data": {
            "year": "2025",
            "price": "3000",
            "CPU model": "iOS 17",
            "Hard disk size": "1 TB",
            "color": "Black",
            "capacity": 255,
            "screen_size": 7
        }
    },
    {
        "id": 979,
        "name": "Tab Galaxy S10",
        "data": {
            "year": "2025",
            "price": "3000",
            "CPU model": "iOS 17",
            "Hard disk size": "1 TB",
            "color": "Black",
            "capacity": 255,
            "screen_size": 7
        }
    },
    {
        "id": 980,
        "name": "Tab Galaxy S10",
        "data": {
            "year": "2025",
            "price": "3000",
            "CPU model": "iOS 17",
            "Hard disk size": "1 TB",
            "color": "Black",
            "capacity": 255,
            "screen_size": 7
        }
    },
    {
        "id": 981,
        "name": "Tab Galaxy S10",
        "data": {
            "year": "2025",
            "price": "3000",
            "CPU model": "iOS 17",
            "Hard disk size": "1 TB",
            "color": "Black",
            "capacity": 255,
            "screen_size": 7
        }
    },
    {
        "id": 970,
        "name": "PC Gaming",
        "data": {
            "year": "2025",
            "price": "2549.99",
            "CPU model": "Intel Core i9",
            "Hard disk size": "1 TB",
            "color": "Black",
            "capacity": 2,
            "screen_size": 16
        }
    },
    {
        "id": 971,
        "name": "PC Gaming Cuy",
        "data": {
            "year": "2025",
            "price": "2549.99",
            "CPU model": "Intel Core i9",
            "Hard disk size": "1 TB",
            "color": "Black",
            "capacity": 2,
            "screen_size": 16
        }
    },
    {
        "id": 982,
        "name": "Samsung Flip 17",
        "data": {
            "year": "2029",
            "price": "20987.72",
            "CPU model": "Exynos",
            "Hard disk size": "2 GB",
            "color": "Purple",
            "capacity": 120,
            "screen_size": 7.6
        }
    },
    {
        "id": 983,
        "name": "Samsung Flip 17",
        "data": {
            "year": "2029",
            "price": "20987.72",
            "CPU model": "Exynos",
            "Hard disk size": "2 GB",
            "color": "Purple",
            "capacity": 120,
            "screen_size": 7.6
        }
    },
    {
        "id": 984,
        "name": "Laptop QA eae120d9-c62d-4fa1-8476-0aa07bf9522f",
        "data": {
            "year": "2024",
            "price": "1000",
            "CPU model": "Intel Core i7",
            "Hard disk size": "1 TB",
            "color": "Silver",
            "capacity": 16,
            "screen_size": 15.6
        }
    },
    {
        "id": 985,
        "name": "Laptop QA 506971fc-85a2-4a07-94e8-2b5bd5ba5277",
        "data": {
            "year": "2024",
            "price": "1000",
            "CPU model": "Intel Core i7",
            "Hard disk size": "1 TB",
            "color": "Silver",
            "capacity": 16,
            "screen_size": 15.6
        }
    },
    {
        "id": 986,
        "name": "Samsung Flip 17",
        "data": {
            "year": "2029",
            "price": "20987.72",
            "CPU model": "Exynos",
            "Hard disk size": "2 GB",
            "color": "Purple",
            "capacity": 120,
            "screen_size": 7.6
        }
    },
    {
        "id": 987,
        "name": "Samsung Flip 17",
        "data": {
            "year": "2029",
            "price": "20987.72",
            "CPU model": "Exynos",
            "Hard disk size": "2 GB",
            "color": "Purple",
            "capacity": 120,
            "screen_size": 7.6
        }
    },
    {
        "id": 988,
        "name": "Samsung Flip 17",
        "data": {
            "year": "2029",
            "price": "20987.72",
            "CPU model": "Exynos",
            "Hard disk size": "2 GB",
            "color": "Purple",
            "capacity": 120,
            "screen_size": 7.6
        }
    },
    {
        "id": 989,
        "name": "Ipad Winda",
        "data": {
            "year": "2022",
            "price": "599",
            "CPU model": "Chipset A13",
            "Hard disk size": "64GB",
            "color": "Silver",
            "capacity": 1,
            "screen_size": 10.9
        }
    },
    {
        "id": 990,
        "name": "Samsung Flip 17",
        "data": {
            "year": "2029",
            "price": "20987.72",
            "CPU model": "Exynos",
            "Hard disk size": "2 GB",
            "color": "Purple",
            "capacity": 120,
            "screen_size": 7.6
        }
    },
    {
        "id": 991,
        "name": "Samsung Flip 17",
        "data": {
            "year": "2029",
            "price": "20987.72",
            "CPU model": "Exynos",
            "Hard disk size": "2 GB",
            "color": "Purple",
            "capacity": 120,
            "screen_size": 7.6
        }
    }
]
]]></system-out>
  </testcase>
  <testcase name="addObject" classname="testng.RestAssuredImplementation" time="0.591">
    <system-out><![CDATA[Created object ID: 1003
Add Object: [
    {
        "id": 1003,
        "name": "Asus Tuf Gaming",
        "data": {
            "year": "2020",
            "price": 1500,
            "cpu_model": "i9",
            "hard_disk_size": "2TB",
            "color": "Black",
            "capacity": "4 cpu",
            "screen_size": "16 Inch"
        }
    }
]
]]></system-out>
  </testcase>
  <testcase name="getSingleObjectbyID" classname="testng.RestAssuredImplementation" time="0.556">
    <system-out><![CDATA[Get Single Object by ID: [
    {
        "id": 1003,
        "name": "Asus Tuf Gaming",
        "data": {
            "year": "2020",
            "price": "1500",
            "cpu_model": "i9",
            "hard_disk_size": "2TB",
            "color": "Black",
            "capacity": 4,
            "screen_size": 16
        }
    }
]
]]></system-out>
  </testcase>
  <testcase name="testGetObjectByPath" classname="testng.RestAssuredImplementation" time="0.577">
    <system-out><![CDATA[Get Object by Path: {
    "id": 1003,
    "name": "Asus Tuf Gaming",
    "data": {
        "year": "2020",
        "price": "1500",
        "cpu_model": "i9",
        "hard_disk_size": "2TB",
        "color": "Black",
        "capacity": 4,
        "screen_size": 16
    }
}
]]></system-out>
  </testcase>
  <testcase name="testUpdateObject" classname="testng.RestAssuredImplementation" time="0.587">
    <system-out><![CDATA[Update Object: [
    {
        "id": 1003,
        "name": "Asus tuf gaming bry",
        "data": {
            "year": "2021",
            "price": 3000,
            "CPU model": "i9",
            "Hard disk size": "3TB",
            "color": "White",
            "capacity": "6 cpu",
            "screen_size": "15.6 Inch"
        }
    }
]
]]></system-out>
  </testcase>
  <testcase name="testPartialUpdateObject" classname="testng.RestAssuredImplementation" time="0.551">
    <system-out><![CDATA[PATCH Response: {
    "id": 1003,
    "name": "Asus tuf gaming 123",
    "data": {
        "year": "2030",
        "price": "3000",
        "cpu_model": "i9",
        "hard_disk_size": "3TB",
        "color": "White",
        "capacity": "6 cpu",
        "screen_size": "15.6 Inch"
    }
}
]]></system-out>
  </testcase>
  <testcase name="testDeleteObject" classname="testng.RestAssuredImplementation" time="0.57">
    <system-out><![CDATA[Delete Object: {
    "status": "deleted",
    "message": "Object with id = 1003, has been deleted."
}
]]></system-out>
  </testcase>
  <testcase name="testGetDepartments" classname="testng.RestAssuredImplementation" time="0.534">
    <system-out><![CDATA[Get Departments: [
    {
        "id": 1,
        "department": "Technology"
    },
    {
        "id": 2,
        "department": "Human Resource"
    },
    {
        "id": 3,
        "department": "Finance"
    },
    {
        "id": 4,
        "department": "Executive"
    }
]
]]></system-out>
  </testcase>
</testsuite>