<?xml version="1.0" encoding="UTF-8"?>
<!-- Generated by org.testng.reporters.JUnitReportReporter -->
<testsuite hostname="IA-BTM-L047" failures="0" tests="5" name="testng.Scenario.RestAssuredE2E" time="7.599" errors="0" timestamp="2025-06-01T21:00:07 WIB" skipped="0">
  <testcase classname="testng.Scenario.RestAssuredE2E" name="registerAndLogin" time="3.214"/>
  <testcase classname="testng.Scenario.RestAssuredE2E" name="getAllObject" time="1.897"/>
  <testcase classname="testng.Scenario.RestAssuredE2E" name="addObject" time="0.919"/>
  <testcase classname="testng.Scenario.RestAssuredE2E" name="updateObject" time="0.817"/>
  <testcase classname="testng.Scenario.RestAssuredE2E" name="deleteObject" time="0.752"/>
</testsuite> <!-- testng.Scenario.RestAssuredE2E -->
