<?xml version="1.0" encoding="UTF-8"?>
<!-- Generated by org.testng.reporters.JUnitReportReporter -->
<testsuite hostname="IA-BTM-L047" failures="0" tests="5" name="testng.Scenario.RestAssuredE2EPOJO" time="5.461" errors="0" timestamp="2025-06-01T23:34:30 WIB" skipped="0">
  <testcase classname="testng.Scenario.RestAssuredE2EPOJO" name="registerAndLogin" time="2.721"/>
  <testcase classname="testng.Scenario.RestAssuredE2EPOJO" name="getAllObject" time="1.038"/>
  <testcase classname="testng.Scenario.RestAssuredE2EPOJO" name="addObject" time="0.574"/>
  <testcase classname="testng.Scenario.RestAssuredE2EPOJO" name="updateObject" time="0.579"/>
  <testcase classname="testng.Scenario.RestAssuredE2EPOJO" name="deleteObject" time="0.549"/>
</testsuite> <!-- testng.Scenario.RestAssuredE2EPOJO -->
